ARM GAS  /tmp/ccO9H2ER.s 			page 1


   1              		.cpu cortex-m4
   2              		.eabi_attribute 27, 1
   3              		.eabi_attribute 28, 1
   4              		.eabi_attribute 20, 1
   5              		.eabi_attribute 21, 1
   6              		.eabi_attribute 23, 3
   7              		.eabi_attribute 24, 1
   8              		.eabi_attribute 25, 1
   9              		.eabi_attribute 26, 1
  10              		.eabi_attribute 30, 6
  11              		.eabi_attribute 34, 1
  12              		.eabi_attribute 18, 4
  13              		.file	"chcore.c"
  14              		.text
  15              	.Ltext0:
  16              		.cfi_sections	.debug_frame
  17              	.Letext0:
  18              		.file 1 "/usr/arm-none-eabi/include/machine/_default_types.h"
  19              		.file 2 "/usr/arm-none-eabi/include/sys/_stdint.h"
  20              		.file 3 "../ChibiOS/os/rt/ports/ARMCMx/compilers/GCC/chtypes.h"
  21              		.file 4 "../ChibiOS/os/rt/include/chsystypes.h"
  22              		.file 5 "../ChibiOS/os/rt/include/chschd.h"
  23              		.file 6 "../ChibiOS/os/ext/CMSIS/include/core_cm4.h"
  24              		.file 7 "../ChibiOS/os/ext/CMSIS/ST/STM32F4xx/system_stm32f4xx.h"
  25              		.file 8 "../ChibiOS/os/rt/ports/ARMCMx/chcore.h"
  26              		.file 9 "../ChibiOS/os/rt/ports/ARMCMx/chcore_v7m.h"
  27              		.file 10 "../ChibiOS/os/rt/include/chtm.h"
  28              		.file 11 "../ChibiOS/os/rt/include/chstats.h"
  29              		.file 12 "../ChibiOS/os/rt/include/chsem.h"
  30              		.file 13 "../ChibiOS/os/rt/include/chmtx.h"
  31              		.file 14 "../ChibiOS/os/rt/include/chregistry.h"
  32              		.section	.debug_info,"",%progbits
  33              	.Ldebug_info0:
  34 0000 24090000 		.4byte	0x924
  35 0004 0400     		.2byte	0x4
  36 0006 00000000 		.4byte	.Ldebug_abbrev0
  37 000a 04       		.byte	0x4
  38 000b 01       		.uleb128 0x1
  39 000c 6F010000 		.4byte	.LASF144
  40 0010 0C       		.byte	0xc
  41 0011 9F040000 		.4byte	.LASF145
  42 0015 2A030000 		.4byte	.LASF146
  43 0019 00000000 		.4byte	.Ldebug_line0
  44 001d 02       		.uleb128 0x2
  45 001e 04       		.byte	0x4
  46 001f 05       		.byte	0x5
  47 0020 696E7400 		.ascii	"int\000"
  48 0024 03       		.uleb128 0x3
  49 0025 04       		.byte	0x4
  50 0026 07       		.byte	0x7
  51 0027 FC020000 		.4byte	.LASF0
  52 002b 03       		.uleb128 0x3
  53 002c 08       		.byte	0x8
  54 002d 05       		.byte	0x5
  55 002e 05010000 		.4byte	.LASF1
  56 0032 03       		.uleb128 0x3
  57 0033 08       		.byte	0x8
ARM GAS  /tmp/ccO9H2ER.s 			page 2


  58 0034 04       		.byte	0x4
  59 0035 7B040000 		.4byte	.LASF2
  60 0039 03       		.uleb128 0x3
  61 003a 01       		.byte	0x1
  62 003b 06       		.byte	0x6
  63 003c 13010000 		.4byte	.LASF3
  64 0040 04       		.uleb128 0x4
  65 0041 3D000000 		.4byte	.LASF6
  66 0045 01       		.byte	0x1
  67 0046 2B       		.byte	0x2b
  68 0047 4B000000 		.4byte	0x4b
  69 004b 03       		.uleb128 0x3
  70 004c 01       		.byte	0x1
  71 004d 08       		.byte	0x8
  72 004e 54050000 		.4byte	.LASF4
  73 0052 03       		.uleb128 0x3
  74 0053 02       		.byte	0x2
  75 0054 05       		.byte	0x5
  76 0055 6C050000 		.4byte	.LASF5
  77 0059 04       		.uleb128 0x4
  78 005a 5B060000 		.4byte	.LASF7
  79 005e 01       		.byte	0x1
  80 005f 39       		.byte	0x39
  81 0060 64000000 		.4byte	0x64
  82 0064 03       		.uleb128 0x3
  83 0065 02       		.byte	0x2
  84 0066 07       		.byte	0x7
  85 0067 9E030000 		.4byte	.LASF8
  86 006b 04       		.uleb128 0x4
  87 006c 19040000 		.4byte	.LASF9
  88 0070 01       		.byte	0x1
  89 0071 4D       		.byte	0x4d
  90 0072 76000000 		.4byte	0x76
  91 0076 03       		.uleb128 0x3
  92 0077 04       		.byte	0x4
  93 0078 05       		.byte	0x5
  94 0079 5D010000 		.4byte	.LASF10
  95 007d 04       		.uleb128 0x4
  96 007e 99060000 		.4byte	.LASF11
  97 0082 01       		.byte	0x1
  98 0083 4F       		.byte	0x4f
  99 0084 88000000 		.4byte	0x88
 100 0088 03       		.uleb128 0x3
 101 0089 04       		.byte	0x4
 102 008a 07       		.byte	0x7
 103 008b 3D060000 		.4byte	.LASF12
 104 008f 04       		.uleb128 0x4
 105 0090 F5040000 		.4byte	.LASF13
 106 0094 01       		.byte	0x1
 107 0095 69       		.byte	0x69
 108 0096 9A000000 		.4byte	0x9a
 109 009a 03       		.uleb128 0x3
 110 009b 08       		.byte	0x8
 111 009c 07       		.byte	0x7
 112 009d 8C000000 		.4byte	.LASF14
 113 00a1 04       		.uleb128 0x4
 114 00a2 FB060000 		.4byte	.LASF15
ARM GAS  /tmp/ccO9H2ER.s 			page 3


 115 00a6 02       		.byte	0x2
 116 00a7 18       		.byte	0x18
 117 00a8 40000000 		.4byte	0x40
 118 00ac 04       		.uleb128 0x4
 119 00ad 11030000 		.4byte	.LASF16
 120 00b1 02       		.byte	0x2
 121 00b2 24       		.byte	0x24
 122 00b3 59000000 		.4byte	0x59
 123 00b7 04       		.uleb128 0x4
 124 00b8 4C050000 		.4byte	.LASF17
 125 00bc 02       		.byte	0x2
 126 00bd 2C       		.byte	0x2c
 127 00be 6B000000 		.4byte	0x6b
 128 00c2 05       		.uleb128 0x5
 129 00c3 B7000000 		.4byte	0xb7
 130 00c7 04       		.uleb128 0x4
 131 00c8 08060000 		.4byte	.LASF18
 132 00cc 02       		.byte	0x2
 133 00cd 30       		.byte	0x30
 134 00ce 7D000000 		.4byte	0x7d
 135 00d2 04       		.uleb128 0x4
 136 00d3 27000000 		.4byte	.LASF19
 137 00d7 02       		.byte	0x2
 138 00d8 3C       		.byte	0x3c
 139 00d9 8F000000 		.4byte	0x8f
 140 00dd 04       		.uleb128 0x4
 141 00de C3060000 		.4byte	.LASF20
 142 00e2 03       		.byte	0x3
 143 00e3 39       		.byte	0x39
 144 00e4 C7000000 		.4byte	0xc7
 145 00e8 04       		.uleb128 0x4
 146 00e9 E8000000 		.4byte	.LASF21
 147 00ed 03       		.byte	0x3
 148 00ee 3A       		.byte	0x3a
 149 00ef D2000000 		.4byte	0xd2
 150 00f3 04       		.uleb128 0x4
 151 00f4 9B050000 		.4byte	.LASF22
 152 00f8 03       		.byte	0x3
 153 00f9 3C       		.byte	0x3c
 154 00fa A1000000 		.4byte	0xa1
 155 00fe 04       		.uleb128 0x4
 156 00ff 66010000 		.4byte	.LASF23
 157 0103 03       		.byte	0x3
 158 0104 3D       		.byte	0x3d
 159 0105 A1000000 		.4byte	0xa1
 160 0109 04       		.uleb128 0x4
 161 010a 0B050000 		.4byte	.LASF24
 162 010e 03       		.byte	0x3
 163 010f 3E       		.byte	0x3e
 164 0110 A1000000 		.4byte	0xa1
 165 0114 04       		.uleb128 0x4
 166 0115 35050000 		.4byte	.LASF25
 167 0119 03       		.byte	0x3
 168 011a 40       		.byte	0x40
 169 011b C7000000 		.4byte	0xc7
 170 011f 04       		.uleb128 0x4
 171 0120 CA030000 		.4byte	.LASF26
ARM GAS  /tmp/ccO9H2ER.s 			page 4


 172 0124 03       		.byte	0x3
 173 0125 41       		.byte	0x41
 174 0126 B7000000 		.4byte	0xb7
 175 012a 04       		.uleb128 0x4
 176 012b 0D040000 		.4byte	.LASF27
 177 012f 03       		.byte	0x3
 178 0130 43       		.byte	0x43
 179 0131 C7000000 		.4byte	0xc7
 180 0135 04       		.uleb128 0x4
 181 0136 EB020000 		.4byte	.LASF28
 182 013a 03       		.byte	0x3
 183 013b 45       		.byte	0x45
 184 013c B7000000 		.4byte	0xb7
 185 0140 04       		.uleb128 0x4
 186 0141 D5030000 		.4byte	.LASF29
 187 0145 03       		.byte	0x3
 188 0146 46       		.byte	0x46
 189 0147 C7000000 		.4byte	0xc7
 190 014b 04       		.uleb128 0x4
 191 014c 7B060000 		.4byte	.LASF30
 192 0150 04       		.byte	0x4
 193 0151 33       		.byte	0x33
 194 0152 C7000000 		.4byte	0xc7
 195 0156 05       		.uleb128 0x5
 196 0157 4B010000 		.4byte	0x14b
 197 015b 04       		.uleb128 0x4
 198 015c 66060000 		.4byte	.LASF31
 199 0160 04       		.byte	0x4
 200 0161 3F       		.byte	0x3f
 201 0162 66010000 		.4byte	0x166
 202 0166 06       		.uleb128 0x6
 203 0167 C0030000 		.4byte	.LASF53
 204 016b 60       		.byte	0x60
 205 016c 05       		.byte	0x5
 206 016d C2       		.byte	0xc2
 207 016e 6C020000 		.4byte	0x26c
 208 0172 07       		.uleb128 0x7
 209 0173 94050000 		.4byte	.LASF32
 210 0177 05       		.byte	0x5
 211 0178 C3       		.byte	0xc3
 212 0179 77020000 		.4byte	0x277
 213 017d 00       		.byte	0
 214 017e 07       		.uleb128 0x7
 215 017f 2E050000 		.4byte	.LASF33
 216 0183 05       		.byte	0x5
 217 0184 C5       		.byte	0xc5
 218 0185 77020000 		.4byte	0x277
 219 0189 04       		.byte	0x4
 220 018a 07       		.uleb128 0x7
 221 018b F1000000 		.4byte	.LASF34
 222 018f 05       		.byte	0x5
 223 0190 C7       		.byte	0xc7
 224 0191 14010000 		.4byte	0x114
 225 0195 08       		.byte	0x8
 226 0196 07       		.uleb128 0x7
 227 0197 CC040000 		.4byte	.LASF35
 228 019b 05       		.byte	0x5
ARM GAS  /tmp/ccO9H2ER.s 			page 5


 229 019c C8       		.byte	0xc8
 230 019d E5040000 		.4byte	0x4e5
 231 01a1 0C       		.byte	0xc
 232 01a2 07       		.uleb128 0x7
 233 01a3 92020000 		.4byte	.LASF36
 234 01a7 05       		.byte	0x5
 235 01a8 CA       		.byte	0xca
 236 01a9 77020000 		.4byte	0x277
 237 01ad 10       		.byte	0x10
 238 01ae 07       		.uleb128 0x7
 239 01af 7E050000 		.4byte	.LASF37
 240 01b3 05       		.byte	0x5
 241 01b4 CB       		.byte	0xcb
 242 01b5 77020000 		.4byte	0x277
 243 01b9 14       		.byte	0x14
 244 01ba 07       		.uleb128 0x7
 245 01bb 1D070000 		.4byte	.LASF38
 246 01bf 05       		.byte	0x5
 247 01c0 D2       		.byte	0xd2
 248 01c1 C5070000 		.4byte	0x7c5
 249 01c5 18       		.byte	0x18
 250 01c6 07       		.uleb128 0x7
 251 01c7 F1020000 		.4byte	.LASF39
 252 01cb 05       		.byte	0x5
 253 01cc D8       		.byte	0xd8
 254 01cd DC070000 		.4byte	0x7dc
 255 01d1 1C       		.byte	0x1c
 256 01d2 07       		.uleb128 0x7
 257 01d3 76050000 		.4byte	.LASF40
 258 01d7 05       		.byte	0x5
 259 01d8 DD       		.byte	0xdd
 260 01d9 FE000000 		.4byte	0xfe
 261 01dd 20       		.byte	0x20
 262 01de 07       		.uleb128 0x7
 263 01df B2050000 		.4byte	.LASF41
 264 01e3 05       		.byte	0x5
 265 01e4 E1       		.byte	0xe1
 266 01e5 F3000000 		.4byte	0xf3
 267 01e9 21       		.byte	0x21
 268 01ea 07       		.uleb128 0x7
 269 01eb E6060000 		.4byte	.LASF42
 270 01ef 05       		.byte	0x5
 271 01f0 E6       		.byte	0xe6
 272 01f1 09010000 		.4byte	0x109
 273 01f5 22       		.byte	0x22
 274 01f6 08       		.uleb128 0x8
 275 01f7 705F7500 		.ascii	"p_u\000"
 276 01fb 05       		.byte	0x5
 277 01fc 3101     		.2byte	0x131
 278 01fe 00070000 		.4byte	0x700
 279 0202 24       		.byte	0x24
 280 0203 09       		.uleb128 0x9
 281 0204 51040000 		.4byte	.LASF43
 282 0208 05       		.byte	0x5
 283 0209 3601     		.2byte	0x136
 284 020b 7D020000 		.4byte	0x27d
 285 020f 28       		.byte	0x28
ARM GAS  /tmp/ccO9H2ER.s 			page 6


 286 0210 09       		.uleb128 0x9
 287 0211 7E030000 		.4byte	.LASF44
 288 0215 05       		.byte	0x5
 289 0216 3C01     		.2byte	0x13c
 290 0218 A1020000 		.4byte	0x2a1
 291 021c 2C       		.byte	0x2c
 292 021d 09       		.uleb128 0x9
 293 021e BD060000 		.4byte	.LASF45
 294 0222 05       		.byte	0x5
 295 0223 4001     		.2byte	0x140
 296 0225 1F010000 		.4byte	0x11f
 297 0229 34       		.byte	0x34
 298 022a 09       		.uleb128 0x9
 299 022b FD050000 		.4byte	.LASF46
 300 022f 05       		.byte	0x5
 301 0230 4601     		.2byte	0x146
 302 0232 2A010000 		.4byte	0x12a
 303 0236 38       		.byte	0x38
 304 0237 09       		.uleb128 0x9
 305 0238 62050000 		.4byte	.LASF47
 306 023c 05       		.byte	0x5
 307 023d 4D01     		.2byte	0x14d
 308 023f BF070000 		.4byte	0x7bf
 309 0243 3C       		.byte	0x3c
 310 0244 09       		.uleb128 0x9
 311 0245 85060000 		.4byte	.LASF48
 312 0249 05       		.byte	0x5
 313 024a 5101     		.2byte	0x151
 314 024c 14010000 		.4byte	0x114
 315 0250 40       		.byte	0x40
 316 0251 09       		.uleb128 0x9
 317 0252 3C010000 		.4byte	.LASF49
 318 0256 05       		.byte	0x5
 319 0257 5801     		.2byte	0x158
 320 0259 54030000 		.4byte	0x354
 321 025d 44       		.byte	0x44
 322 025e 09       		.uleb128 0x9
 323 025f BA050000 		.4byte	.LASF50
 324 0263 05       		.byte	0x5
 325 0264 5E01     		.2byte	0x15e
 326 0266 B1060000 		.4byte	0x6b1
 327 026a 48       		.byte	0x48
 328 026b 00       		.byte	0
 329 026c 04       		.uleb128 0x4
 330 026d 03070000 		.4byte	.LASF51
 331 0271 04       		.byte	0x4
 332 0272 44       		.byte	0x44
 333 0273 77020000 		.4byte	0x277
 334 0277 0A       		.uleb128 0xa
 335 0278 04       		.byte	0x4
 336 0279 5B010000 		.4byte	0x15b
 337 027d 04       		.uleb128 0x4
 338 027e 2E040000 		.4byte	.LASF52
 339 0282 04       		.byte	0x4
 340 0283 49       		.byte	0x49
 341 0284 88020000 		.4byte	0x288
 342 0288 06       		.uleb128 0x6
ARM GAS  /tmp/ccO9H2ER.s 			page 7


 343 0289 25060000 		.4byte	.LASF54
 344 028d 04       		.byte	0x4
 345 028e 05       		.byte	0x5
 346 028f B0       		.byte	0xb0
 347 0290 A1020000 		.4byte	0x2a1
 348 0294 07       		.uleb128 0x7
 349 0295 94050000 		.4byte	.LASF32
 350 0299 05       		.byte	0x5
 351 029a B1       		.byte	0xb1
 352 029b 77020000 		.4byte	0x277
 353 029f 00       		.byte	0
 354 02a0 00       		.byte	0
 355 02a1 04       		.uleb128 0x4
 356 02a2 C2050000 		.4byte	.LASF55
 357 02a6 04       		.byte	0x4
 358 02a7 50       		.byte	0x50
 359 02a8 AC020000 		.4byte	0x2ac
 360 02ac 06       		.uleb128 0x6
 361 02ad 53000000 		.4byte	.LASF56
 362 02b1 08       		.byte	0x8
 363 02b2 05       		.byte	0x5
 364 02b3 B7       		.byte	0xb7
 365 02b4 D1020000 		.4byte	0x2d1
 366 02b8 07       		.uleb128 0x7
 367 02b9 94050000 		.4byte	.LASF32
 368 02bd 05       		.byte	0x5
 369 02be B8       		.byte	0xb8
 370 02bf 77020000 		.4byte	0x277
 371 02c3 00       		.byte	0
 372 02c4 07       		.uleb128 0x7
 373 02c5 2E050000 		.4byte	.LASF33
 374 02c9 05       		.byte	0x5
 375 02ca B9       		.byte	0xb9
 376 02cb 77020000 		.4byte	0x277
 377 02cf 04       		.byte	0x4
 378 02d0 00       		.byte	0
 379 02d1 04       		.uleb128 0x4
 380 02d2 0D000000 		.4byte	.LASF57
 381 02d6 04       		.byte	0x4
 382 02d7 57       		.byte	0x57
 383 02d8 DC020000 		.4byte	0x2dc
 384 02dc 0B       		.uleb128 0xb
 385 02dd FF030000 		.4byte	.LASF58
 386 02e1 1C       		.byte	0x1c
 387 02e2 05       		.byte	0x5
 388 02e3 9001     		.2byte	0x190
 389 02e5 38030000 		.4byte	0x338
 390 02e9 09       		.uleb128 0x9
 391 02ea 1D060000 		.4byte	.LASF59
 392 02ee 05       		.byte	0x5
 393 02ef 9101     		.2byte	0x191
 394 02f1 A1020000 		.4byte	0x2a1
 395 02f5 00       		.byte	0
 396 02f6 09       		.uleb128 0x9
 397 02f7 86050000 		.4byte	.LASF60
 398 02fb 05       		.byte	0x5
 399 02fc 9201     		.2byte	0x192
ARM GAS  /tmp/ccO9H2ER.s 			page 8


 400 02fe 14010000 		.4byte	0x114
 401 0302 08       		.byte	0x8
 402 0303 09       		.uleb128 0x9
 403 0304 C6040000 		.4byte	.LASF61
 404 0308 05       		.byte	0x5
 405 0309 9401     		.2byte	0x194
 406 030b E5040000 		.4byte	0x4e5
 407 030f 0C       		.byte	0xc
 408 0310 09       		.uleb128 0x9
 409 0311 A2020000 		.4byte	.LASF62
 410 0315 05       		.byte	0x5
 411 0316 9701     		.2byte	0x197
 412 0318 77020000 		.4byte	0x277
 413 031c 10       		.byte	0x10
 414 031d 09       		.uleb128 0x9
 415 031e ED040000 		.4byte	.LASF63
 416 0322 05       		.byte	0x5
 417 0323 9801     		.2byte	0x198
 418 0325 77020000 		.4byte	0x277
 419 0329 14       		.byte	0x14
 420 032a 09       		.uleb128 0x9
 421 032b E3040000 		.4byte	.LASF64
 422 032f 05       		.byte	0x5
 423 0330 9B01     		.2byte	0x19b
 424 0332 77020000 		.4byte	0x277
 425 0336 18       		.byte	0x18
 426 0337 00       		.byte	0
 427 0338 04       		.uleb128 0x4
 428 0339 90060000 		.4byte	.LASF65
 429 033d 04       		.byte	0x4
 430 033e 5C       		.byte	0x5c
 431 033f 43030000 		.4byte	0x343
 432 0343 0A       		.uleb128 0xa
 433 0344 04       		.byte	0x4
 434 0345 49030000 		.4byte	0x349
 435 0349 0C       		.uleb128 0xc
 436 034a 54030000 		.4byte	0x354
 437 034e 0D       		.uleb128 0xd
 438 034f 54030000 		.4byte	0x354
 439 0353 00       		.byte	0
 440 0354 0E       		.uleb128 0xe
 441 0355 04       		.byte	0x4
 442 0356 04       		.uleb128 0x4
 443 0357 1E050000 		.4byte	.LASF66
 444 035b 04       		.byte	0x4
 445 035c 61       		.byte	0x61
 446 035d 61030000 		.4byte	0x361
 447 0361 0B       		.uleb128 0xb
 448 0362 D2050000 		.4byte	.LASF67
 449 0366 14       		.byte	0x14
 450 0367 05       		.byte	0x5
 451 0368 6B01     		.2byte	0x16b
 452 036a B0030000 		.4byte	0x3b0
 453 036e 09       		.uleb128 0x9
 454 036f 09030000 		.4byte	.LASF68
 455 0373 05       		.byte	0x5
 456 0374 6C01     		.2byte	0x16c
ARM GAS  /tmp/ccO9H2ER.s 			page 9


 457 0376 E2070000 		.4byte	0x7e2
 458 037a 00       		.byte	0
 459 037b 09       		.uleb128 0x9
 460 037c B3020000 		.4byte	.LASF69
 461 0380 05       		.byte	0x5
 462 0381 6D01     		.2byte	0x16d
 463 0383 E2070000 		.4byte	0x7e2
 464 0387 04       		.byte	0x4
 465 0388 09       		.uleb128 0x9
 466 0389 75030000 		.4byte	.LASF70
 467 038d 05       		.byte	0x5
 468 038e 6E01     		.2byte	0x16e
 469 0390 4B010000 		.4byte	0x14b
 470 0394 08       		.byte	0x8
 471 0395 09       		.uleb128 0x9
 472 0396 5B070000 		.4byte	.LASF71
 473 039a 05       		.byte	0x5
 474 039b 6F01     		.2byte	0x16f
 475 039d 38030000 		.4byte	0x338
 476 03a1 0C       		.byte	0xc
 477 03a2 09       		.uleb128 0x9
 478 03a3 CB060000 		.4byte	.LASF72
 479 03a7 05       		.byte	0x5
 480 03a8 7101     		.2byte	0x171
 481 03aa 54030000 		.4byte	0x354
 482 03ae 10       		.byte	0x10
 483 03af 00       		.byte	0
 484 03b0 04       		.uleb128 0x4
 485 03b1 C5000000 		.4byte	.LASF73
 486 03b5 04       		.byte	0x4
 487 03b6 66       		.byte	0x66
 488 03b7 BB030000 		.4byte	0x3bb
 489 03bb 0B       		.uleb128 0xb
 490 03bc 64040000 		.4byte	.LASF74
 491 03c0 10       		.byte	0x10
 492 03c1 05       		.byte	0x5
 493 03c2 7B01     		.2byte	0x17b
 494 03c4 FD030000 		.4byte	0x3fd
 495 03c8 09       		.uleb128 0x9
 496 03c9 09030000 		.4byte	.LASF68
 497 03cd 05       		.byte	0x5
 498 03ce 7C01     		.2byte	0x17c
 499 03d0 E2070000 		.4byte	0x7e2
 500 03d4 00       		.byte	0
 501 03d5 09       		.uleb128 0x9
 502 03d6 B3020000 		.4byte	.LASF69
 503 03da 05       		.byte	0x5
 504 03db 7E01     		.2byte	0x17e
 505 03dd E2070000 		.4byte	0x7e2
 506 03e1 04       		.byte	0x4
 507 03e2 09       		.uleb128 0x9
 508 03e3 75030000 		.4byte	.LASF70
 509 03e7 05       		.byte	0x5
 510 03e8 8001     		.2byte	0x180
 511 03ea 4B010000 		.4byte	0x14b
 512 03ee 08       		.byte	0x8
 513 03ef 09       		.uleb128 0x9
ARM GAS  /tmp/ccO9H2ER.s 			page 10


 514 03f0 24070000 		.4byte	.LASF75
 515 03f4 05       		.byte	0x5
 516 03f5 8201     		.2byte	0x182
 517 03f7 56010000 		.4byte	0x156
 518 03fb 0C       		.byte	0xc
 519 03fc 00       		.byte	0
 520 03fd 04       		.uleb128 0x4
 521 03fe 64000000 		.4byte	.LASF76
 522 0402 04       		.byte	0x4
 523 0403 6B       		.byte	0x6b
 524 0404 08040000 		.4byte	0x408
 525 0408 0B       		.uleb128 0xb
 526 0409 BB020000 		.4byte	.LASF77
 527 040d 0C       		.byte	0xc
 528 040e 05       		.byte	0x5
 529 040f A201     		.2byte	0x1a2
 530 0411 3D040000 		.4byte	0x43d
 531 0415 09       		.uleb128 0x9
 532 0416 A4060000 		.4byte	.LASF78
 533 041a 05       		.byte	0x5
 534 041b AA01     		.2byte	0x1aa
 535 041d CB070000 		.4byte	0x7cb
 536 0421 00       		.byte	0
 537 0422 09       		.uleb128 0x9
 538 0423 ED060000 		.4byte	.LASF79
 539 0427 05       		.byte	0x5
 540 0428 AF01     		.2byte	0x1af
 541 042a 35010000 		.4byte	0x135
 542 042e 04       		.byte	0x4
 543 042f 09       		.uleb128 0x9
 544 0430 D3020000 		.4byte	.LASF80
 545 0434 05       		.byte	0x5
 546 0435 B301     		.2byte	0x1b3
 547 0437 35010000 		.4byte	0x135
 548 043b 08       		.byte	0x8
 549 043c 00       		.byte	0
 550 043d 04       		.uleb128 0x4
 551 043e DC030000 		.4byte	.LASF81
 552 0442 04       		.byte	0x4
 553 0443 70       		.byte	0x70
 554 0444 48040000 		.4byte	0x448
 555 0448 0F       		.uleb128 0xf
 556 0449 53010000 		.4byte	.LASF82
 557 044d 5802     		.2byte	0x258
 558 044f 05       		.byte	0x5
 559 0450 C201     		.2byte	0x1c2
 560 0452 B1040000 		.4byte	0x4b1
 561 0456 09       		.uleb128 0x9
 562 0457 F5060000 		.4byte	.LASF83
 563 045b 05       		.byte	0x5
 564 045c C601     		.2byte	0x1c6
 565 045e D1020000 		.4byte	0x2d1
 566 0462 00       		.byte	0
 567 0463 09       		.uleb128 0x9
 568 0464 4C010000 		.4byte	.LASF84
 569 0468 05       		.byte	0x5
 570 0469 CA01     		.2byte	0x1ca
ARM GAS  /tmp/ccO9H2ER.s 			page 11


 571 046b B0030000 		.4byte	0x3b0
 572 046f 1C       		.byte	0x1c
 573 0470 08       		.uleb128 0x8
 574 0471 64626700 		.ascii	"dbg\000"
 575 0475 05       		.byte	0x5
 576 0476 CE01     		.2byte	0x1ce
 577 0478 FD030000 		.4byte	0x3fd
 578 047c 2C       		.byte	0x2c
 579 047d 09       		.uleb128 0x9
 580 047e BA000000 		.4byte	.LASF85
 581 0482 05       		.byte	0x5
 582 0483 D201     		.2byte	0x1d2
 583 0485 5B010000 		.4byte	0x15b
 584 0489 38       		.byte	0x38
 585 048a 08       		.uleb128 0x8
 586 048b 746D00   		.ascii	"tm\000"
 587 048e 05       		.byte	0x5
 588 048f D701     		.2byte	0x1d7
 589 0491 63060000 		.4byte	0x663
 590 0495 98       		.byte	0x98
 591 0496 09       		.uleb128 0x9
 592 0497 30000000 		.4byte	.LASF86
 593 049b 05       		.byte	0x5
 594 049c DD01     		.2byte	0x1dd
 595 049e F5060000 		.4byte	0x6f5
 596 04a2 A0       		.byte	0xa0
 597 04a3 09       		.uleb128 0x9
 598 04a4 DC020000 		.4byte	.LASF87
 599 04a8 05       		.byte	0x5
 600 04a9 E301     		.2byte	0x1e3
 601 04ab E8070000 		.4byte	0x7e8
 602 04af D8       		.byte	0xd8
 603 04b0 00       		.byte	0
 604 04b1 03       		.uleb128 0x3
 605 04b2 04       		.byte	0x4
 606 04b3 07       		.byte	0x7
 607 04b4 5B040000 		.4byte	.LASF88
 608 04b8 10       		.uleb128 0x10
 609 04b9 DB000000 		.4byte	.LASF89
 610 04bd 06       		.byte	0x6
 611 04be FA06     		.2byte	0x6fa
 612 04c0 C2000000 		.4byte	0xc2
 613 04c4 11       		.uleb128 0x11
 614 04c5 1A030000 		.4byte	.LASF90
 615 04c9 07       		.byte	0x7
 616 04ca 4C       		.byte	0x4c
 617 04cb C7000000 		.4byte	0xc7
 618 04cf 04       		.uleb128 0x4
 619 04d0 AA020000 		.4byte	.LASF91
 620 04d4 08       		.byte	0x8
 621 04d5 65       		.byte	0x65
 622 04d6 54030000 		.4byte	0x354
 623 04da 04       		.uleb128 0x4
 624 04db 23040000 		.4byte	.LASF92
 625 04df 08       		.byte	0x8
 626 04e0 6D       		.byte	0x6d
 627 04e1 D2000000 		.4byte	0xd2
ARM GAS  /tmp/ccO9H2ER.s 			page 12


 628 04e5 06       		.uleb128 0x6
 629 04e6 B5060000 		.4byte	.LASF93
 630 04ea 04       		.byte	0x4
 631 04eb 08       		.byte	0x8
 632 04ec 89       		.byte	0x89
 633 04ed FE040000 		.4byte	0x4fe
 634 04f1 12       		.uleb128 0x12
 635 04f2 72313300 		.ascii	"r13\000"
 636 04f6 08       		.byte	0x8
 637 04f7 8A       		.byte	0x8a
 638 04f8 48060000 		.4byte	0x648
 639 04fc 00       		.byte	0
 640 04fd 00       		.byte	0
 641 04fe 06       		.uleb128 0x6
 642 04ff 47000000 		.4byte	.LASF94
 643 0503 64       		.byte	0x64
 644 0504 09       		.byte	0x9
 645 0505 FD       		.byte	0xfd
 646 0506 48060000 		.4byte	0x648
 647 050a 12       		.uleb128 0x12
 648 050b 73313600 		.ascii	"s16\000"
 649 050f 09       		.byte	0x9
 650 0510 FF       		.byte	0xff
 651 0511 CF040000 		.4byte	0x4cf
 652 0515 00       		.byte	0
 653 0516 08       		.uleb128 0x8
 654 0517 73313700 		.ascii	"s17\000"
 655 051b 09       		.byte	0x9
 656 051c 0001     		.2byte	0x100
 657 051e CF040000 		.4byte	0x4cf
 658 0522 04       		.byte	0x4
 659 0523 08       		.uleb128 0x8
 660 0524 73313800 		.ascii	"s18\000"
 661 0528 09       		.byte	0x9
 662 0529 0101     		.2byte	0x101
 663 052b CF040000 		.4byte	0x4cf
 664 052f 08       		.byte	0x8
 665 0530 08       		.uleb128 0x8
 666 0531 73313900 		.ascii	"s19\000"
 667 0535 09       		.byte	0x9
 668 0536 0201     		.2byte	0x102
 669 0538 CF040000 		.4byte	0x4cf
 670 053c 0C       		.byte	0xc
 671 053d 08       		.uleb128 0x8
 672 053e 73323000 		.ascii	"s20\000"
 673 0542 09       		.byte	0x9
 674 0543 0301     		.2byte	0x103
 675 0545 CF040000 		.4byte	0x4cf
 676 0549 10       		.byte	0x10
 677 054a 08       		.uleb128 0x8
 678 054b 73323100 		.ascii	"s21\000"
 679 054f 09       		.byte	0x9
 680 0550 0401     		.2byte	0x104
 681 0552 CF040000 		.4byte	0x4cf
 682 0556 14       		.byte	0x14
 683 0557 08       		.uleb128 0x8
 684 0558 73323200 		.ascii	"s22\000"
ARM GAS  /tmp/ccO9H2ER.s 			page 13


 685 055c 09       		.byte	0x9
 686 055d 0501     		.2byte	0x105
 687 055f CF040000 		.4byte	0x4cf
 688 0563 18       		.byte	0x18
 689 0564 08       		.uleb128 0x8
 690 0565 73323300 		.ascii	"s23\000"
 691 0569 09       		.byte	0x9
 692 056a 0601     		.2byte	0x106
 693 056c CF040000 		.4byte	0x4cf
 694 0570 1C       		.byte	0x1c
 695 0571 08       		.uleb128 0x8
 696 0572 73323400 		.ascii	"s24\000"
 697 0576 09       		.byte	0x9
 698 0577 0701     		.2byte	0x107
 699 0579 CF040000 		.4byte	0x4cf
 700 057d 20       		.byte	0x20
 701 057e 08       		.uleb128 0x8
 702 057f 73323500 		.ascii	"s25\000"
 703 0583 09       		.byte	0x9
 704 0584 0801     		.2byte	0x108
 705 0586 CF040000 		.4byte	0x4cf
 706 058a 24       		.byte	0x24
 707 058b 08       		.uleb128 0x8
 708 058c 73323600 		.ascii	"s26\000"
 709 0590 09       		.byte	0x9
 710 0591 0901     		.2byte	0x109
 711 0593 CF040000 		.4byte	0x4cf
 712 0597 28       		.byte	0x28
 713 0598 08       		.uleb128 0x8
 714 0599 73323700 		.ascii	"s27\000"
 715 059d 09       		.byte	0x9
 716 059e 0A01     		.2byte	0x10a
 717 05a0 CF040000 		.4byte	0x4cf
 718 05a4 2C       		.byte	0x2c
 719 05a5 08       		.uleb128 0x8
 720 05a6 73323800 		.ascii	"s28\000"
 721 05aa 09       		.byte	0x9
 722 05ab 0B01     		.2byte	0x10b
 723 05ad CF040000 		.4byte	0x4cf
 724 05b1 30       		.byte	0x30
 725 05b2 08       		.uleb128 0x8
 726 05b3 73323900 		.ascii	"s29\000"
 727 05b7 09       		.byte	0x9
 728 05b8 0C01     		.2byte	0x10c
 729 05ba CF040000 		.4byte	0x4cf
 730 05be 34       		.byte	0x34
 731 05bf 08       		.uleb128 0x8
 732 05c0 73333000 		.ascii	"s30\000"
 733 05c4 09       		.byte	0x9
 734 05c5 0D01     		.2byte	0x10d
 735 05c7 CF040000 		.4byte	0x4cf
 736 05cb 38       		.byte	0x38
 737 05cc 08       		.uleb128 0x8
 738 05cd 73333100 		.ascii	"s31\000"
 739 05d1 09       		.byte	0x9
 740 05d2 0E01     		.2byte	0x10e
 741 05d4 CF040000 		.4byte	0x4cf
ARM GAS  /tmp/ccO9H2ER.s 			page 14


 742 05d8 3C       		.byte	0x3c
 743 05d9 08       		.uleb128 0x8
 744 05da 723400   		.ascii	"r4\000"
 745 05dd 09       		.byte	0x9
 746 05de 1001     		.2byte	0x110
 747 05e0 CF040000 		.4byte	0x4cf
 748 05e4 40       		.byte	0x40
 749 05e5 08       		.uleb128 0x8
 750 05e6 723500   		.ascii	"r5\000"
 751 05e9 09       		.byte	0x9
 752 05ea 1101     		.2byte	0x111
 753 05ec CF040000 		.4byte	0x4cf
 754 05f0 44       		.byte	0x44
 755 05f1 08       		.uleb128 0x8
 756 05f2 723600   		.ascii	"r6\000"
 757 05f5 09       		.byte	0x9
 758 05f6 1201     		.2byte	0x112
 759 05f8 CF040000 		.4byte	0x4cf
 760 05fc 48       		.byte	0x48
 761 05fd 08       		.uleb128 0x8
 762 05fe 723700   		.ascii	"r7\000"
 763 0601 09       		.byte	0x9
 764 0602 1301     		.2byte	0x113
 765 0604 CF040000 		.4byte	0x4cf
 766 0608 4C       		.byte	0x4c
 767 0609 08       		.uleb128 0x8
 768 060a 723800   		.ascii	"r8\000"
 769 060d 09       		.byte	0x9
 770 060e 1401     		.2byte	0x114
 771 0610 CF040000 		.4byte	0x4cf
 772 0614 50       		.byte	0x50
 773 0615 08       		.uleb128 0x8
 774 0616 723900   		.ascii	"r9\000"
 775 0619 09       		.byte	0x9
 776 061a 1501     		.2byte	0x115
 777 061c CF040000 		.4byte	0x4cf
 778 0620 54       		.byte	0x54
 779 0621 08       		.uleb128 0x8
 780 0622 72313000 		.ascii	"r10\000"
 781 0626 09       		.byte	0x9
 782 0627 1601     		.2byte	0x116
 783 0629 CF040000 		.4byte	0x4cf
 784 062d 58       		.byte	0x58
 785 062e 08       		.uleb128 0x8
 786 062f 72313100 		.ascii	"r11\000"
 787 0633 09       		.byte	0x9
 788 0634 1701     		.2byte	0x117
 789 0636 CF040000 		.4byte	0x4cf
 790 063a 5C       		.byte	0x5c
 791 063b 08       		.uleb128 0x8
 792 063c 6C7200   		.ascii	"lr\000"
 793 063f 09       		.byte	0x9
 794 0640 1801     		.2byte	0x118
 795 0642 CF040000 		.4byte	0x4cf
 796 0646 60       		.byte	0x60
 797 0647 00       		.byte	0
 798 0648 0A       		.uleb128 0xa
ARM GAS  /tmp/ccO9H2ER.s 			page 15


 799 0649 04       		.byte	0x4
 800 064a FE040000 		.4byte	0x4fe
 801 064e 13       		.uleb128 0x13
 802 064f 04       		.byte	0x4
 803 0650 0A       		.byte	0xa
 804 0651 38       		.byte	0x38
 805 0652 63060000 		.4byte	0x663
 806 0656 07       		.uleb128 0x7
 807 0657 AE060000 		.4byte	.LASF95
 808 065b 0A       		.byte	0xa
 809 065c 3C       		.byte	0x3c
 810 065d DD000000 		.4byte	0xdd
 811 0661 00       		.byte	0
 812 0662 00       		.byte	0
 813 0663 04       		.uleb128 0x4
 814 0664 D2040000 		.4byte	.LASF96
 815 0668 0A       		.byte	0xa
 816 0669 3D       		.byte	0x3d
 817 066a 4E060000 		.4byte	0x64e
 818 066e 13       		.uleb128 0x13
 819 066f 18       		.byte	0x18
 820 0670 0A       		.byte	0xa
 821 0671 48       		.byte	0x48
 822 0672 B1060000 		.4byte	0x6b1
 823 0676 07       		.uleb128 0x7
 824 0677 6F060000 		.4byte	.LASF97
 825 067b 0A       		.byte	0xa
 826 067c 49       		.byte	0x49
 827 067d DD000000 		.4byte	0xdd
 828 0681 00       		.byte	0
 829 0682 07       		.uleb128 0x7
 830 0683 73000000 		.4byte	.LASF98
 831 0687 0A       		.byte	0xa
 832 0688 4A       		.byte	0x4a
 833 0689 DD000000 		.4byte	0xdd
 834 068d 04       		.byte	0x4
 835 068e 07       		.uleb128 0x7
 836 068f D0030000 		.4byte	.LASF99
 837 0693 0A       		.byte	0xa
 838 0694 4B       		.byte	0x4b
 839 0695 DD000000 		.4byte	0xdd
 840 0699 08       		.byte	0x8
 841 069a 12       		.uleb128 0x12
 842 069b 6E00     		.ascii	"n\000"
 843 069d 0A       		.byte	0xa
 844 069e 4C       		.byte	0x4c
 845 069f 40010000 		.4byte	0x140
 846 06a3 0C       		.byte	0xc
 847 06a4 07       		.uleb128 0x7
 848 06a5 00050000 		.4byte	.LASF100
 849 06a9 0A       		.byte	0xa
 850 06aa 4D       		.byte	0x4d
 851 06ab E8000000 		.4byte	0xe8
 852 06af 10       		.byte	0x10
 853 06b0 00       		.byte	0
 854 06b1 04       		.uleb128 0x4
 855 06b2 79000000 		.4byte	.LASF101
ARM GAS  /tmp/ccO9H2ER.s 			page 16


 856 06b6 0A       		.byte	0xa
 857 06b7 4E       		.byte	0x4e
 858 06b8 6E060000 		.4byte	0x66e
 859 06bc 13       		.uleb128 0x13
 860 06bd 38       		.byte	0x38
 861 06be 0B       		.byte	0xb
 862 06bf 38       		.byte	0x38
 863 06c0 F5060000 		.4byte	0x6f5
 864 06c4 07       		.uleb128 0x7
 865 06c5 92030000 		.4byte	.LASF102
 866 06c9 0B       		.byte	0xb
 867 06ca 39       		.byte	0x39
 868 06cb 40010000 		.4byte	0x140
 869 06cf 00       		.byte	0
 870 06d0 07       		.uleb128 0x7
 871 06d1 3D050000 		.4byte	.LASF103
 872 06d5 0B       		.byte	0xb
 873 06d6 3A       		.byte	0x3a
 874 06d7 40010000 		.4byte	0x140
 875 06db 04       		.byte	0x4
 876 06dc 07       		.uleb128 0x7
 877 06dd 3A070000 		.4byte	.LASF104
 878 06e1 0B       		.byte	0xb
 879 06e2 3B       		.byte	0x3b
 880 06e3 B1060000 		.4byte	0x6b1
 881 06e7 08       		.byte	0x8
 882 06e8 07       		.uleb128 0x7
 883 06e9 F4030000 		.4byte	.LASF105
 884 06ed 0B       		.byte	0xb
 885 06ee 3D       		.byte	0x3d
 886 06ef B1060000 		.4byte	0x6b1
 887 06f3 20       		.byte	0x20
 888 06f4 00       		.byte	0
 889 06f5 04       		.uleb128 0x4
 890 06f6 B1030000 		.4byte	.LASF106
 891 06fa 0B       		.byte	0xb
 892 06fb 3F       		.byte	0x3f
 893 06fc BC060000 		.4byte	0x6bc
 894 0700 14       		.uleb128 0x14
 895 0701 04       		.byte	0x4
 896 0702 05       		.byte	0x5
 897 0703 FA       		.byte	0xfa
 898 0704 5D070000 		.4byte	0x75d
 899 0708 15       		.uleb128 0x15
 900 0709 20000000 		.4byte	.LASF107
 901 070d 05       		.byte	0x5
 902 070e 0101     		.2byte	0x101
 903 0710 1F010000 		.4byte	0x11f
 904 0714 15       		.uleb128 0x15
 905 0715 B1000000 		.4byte	.LASF108
 906 0719 05       		.byte	0x5
 907 071a 0801     		.2byte	0x108
 908 071c 1F010000 		.4byte	0x11f
 909 0720 15       		.uleb128 0x15
 910 0721 16070000 		.4byte	.LASF109
 911 0725 05       		.byte	0x5
 912 0726 0F01     		.2byte	0x10f
ARM GAS  /tmp/ccO9H2ER.s 			page 17


 913 0728 54030000 		.4byte	0x354
 914 072c 15       		.uleb128 0x15
 915 072d 1A000000 		.4byte	.LASF110
 916 0731 05       		.byte	0x5
 917 0732 1601     		.2byte	0x116
 918 0734 5D070000 		.4byte	0x75d
 919 0738 15       		.uleb128 0x15
 920 0739 6E030000 		.4byte	.LASF111
 921 073d 05       		.byte	0x5
 922 073e 1E01     		.2byte	0x11e
 923 0740 88070000 		.4byte	0x788
 924 0744 15       		.uleb128 0x15
 925 0745 54060000 		.4byte	.LASF112
 926 0749 05       		.byte	0x5
 927 074a 2701     		.2byte	0x127
 928 074c BF070000 		.4byte	0x7bf
 929 0750 15       		.uleb128 0x15
 930 0751 8D050000 		.4byte	.LASF113
 931 0755 05       		.byte	0x5
 932 0756 2F01     		.2byte	0x12f
 933 0758 2A010000 		.4byte	0x12a
 934 075c 00       		.byte	0
 935 075d 0A       		.uleb128 0xa
 936 075e 04       		.byte	0x4
 937 075f 6C020000 		.4byte	0x26c
 938 0763 06       		.uleb128 0x6
 939 0764 F0050000 		.4byte	.LASF114
 940 0768 0C       		.byte	0xc
 941 0769 0C       		.byte	0xc
 942 076a 34       		.byte	0x34
 943 076b 88070000 		.4byte	0x788
 944 076f 07       		.uleb128 0x7
 945 0770 9A020000 		.4byte	.LASF115
 946 0774 0C       		.byte	0xc
 947 0775 35       		.byte	0x35
 948 0776 A1020000 		.4byte	0x2a1
 949 077a 00       		.byte	0
 950 077b 07       		.uleb128 0x7
 951 077c 98030000 		.4byte	.LASF116
 952 0780 0C       		.byte	0xc
 953 0781 37       		.byte	0x37
 954 0782 35010000 		.4byte	0x135
 955 0786 08       		.byte	0x8
 956 0787 00       		.byte	0
 957 0788 0A       		.uleb128 0xa
 958 0789 04       		.byte	0x4
 959 078a 63070000 		.4byte	0x763
 960 078e 06       		.uleb128 0x6
 961 078f DD060000 		.4byte	.LASF117
 962 0793 10       		.byte	0x10
 963 0794 0D       		.byte	0xd
 964 0795 39       		.byte	0x39
 965 0796 BF070000 		.4byte	0x7bf
 966 079a 07       		.uleb128 0x7
 967 079b 44010000 		.4byte	.LASF118
 968 079f 0D       		.byte	0xd
 969 07a0 3A       		.byte	0x3a
ARM GAS  /tmp/ccO9H2ER.s 			page 18


 970 07a1 A1020000 		.4byte	0x2a1
 971 07a5 00       		.byte	0
 972 07a6 07       		.uleb128 0x7
 973 07a7 45070000 		.4byte	.LASF119
 974 07ab 0D       		.byte	0xd
 975 07ac 3C       		.byte	0x3c
 976 07ad 77020000 		.4byte	0x277
 977 07b1 08       		.byte	0x8
 978 07b2 07       		.uleb128 0x7
 979 07b3 74060000 		.4byte	.LASF120
 980 07b7 0D       		.byte	0xd
 981 07b8 3E       		.byte	0x3e
 982 07b9 1A090000 		.4byte	0x91a
 983 07bd 0C       		.byte	0xc
 984 07be 00       		.byte	0
 985 07bf 0A       		.uleb128 0xa
 986 07c0 04       		.byte	0x4
 987 07c1 8E070000 		.4byte	0x78e
 988 07c5 0A       		.uleb128 0xa
 989 07c6 04       		.byte	0x4
 990 07c7 D7070000 		.4byte	0x7d7
 991 07cb 05       		.uleb128 0x5
 992 07cc C5070000 		.4byte	0x7c5
 993 07d0 03       		.uleb128 0x3
 994 07d1 01       		.byte	0x1
 995 07d2 08       		.byte	0x8
 996 07d3 4F060000 		.4byte	.LASF121
 997 07d7 16       		.uleb128 0x16
 998 07d8 D0070000 		.4byte	0x7d0
 999 07dc 0A       		.uleb128 0xa
 1000 07dd 04       		.byte	0x4
 1001 07de DA040000 		.4byte	0x4da
 1002 07e2 0A       		.uleb128 0xa
 1003 07e3 04       		.byte	0x4
 1004 07e4 56030000 		.4byte	0x356
 1005 07e8 17       		.uleb128 0x17
 1006 07e9 DA040000 		.4byte	0x4da
 1007 07ed F8070000 		.4byte	0x7f8
 1008 07f1 18       		.uleb128 0x18
 1009 07f2 B1040000 		.4byte	0x4b1
 1010 07f6 2F       		.byte	0x2f
 1011 07f7 00       		.byte	0
 1012 07f8 19       		.uleb128 0x19
 1013 07f9 636800   		.ascii	"ch\000"
 1014 07fc 05       		.byte	0x5
 1015 07fd 0902     		.2byte	0x209
 1016 07ff 3D040000 		.4byte	0x43d
 1017 0803 13       		.uleb128 0x13
 1018 0804 16       		.byte	0x16
 1019 0805 0E       		.byte	0xe
 1020 0806 34       		.byte	0x34
 1021 0807 E4080000 		.4byte	0x8e4
 1022 080b 07       		.uleb128 0x7
 1023 080c 4D070000 		.4byte	.LASF122
 1024 0810 0E       		.byte	0xe
 1025 0811 35       		.byte	0x35
 1026 0812 E4080000 		.4byte	0x8e4
ARM GAS  /tmp/ccO9H2ER.s 			page 19


 1027 0816 00       		.byte	0
 1028 0817 07       		.uleb128 0x7
 1029 0818 3D040000 		.4byte	.LASF123
 1030 081c 0E       		.byte	0xe
 1031 081d 36       		.byte	0x36
 1032 081e A1000000 		.4byte	0xa1
 1033 0822 04       		.byte	0x4
 1034 0823 07       		.uleb128 0x7
 1035 0824 35060000 		.4byte	.LASF124
 1036 0828 0E       		.byte	0xe
 1037 0829 37       		.byte	0x37
 1038 082a A1000000 		.4byte	0xa1
 1039 082e 05       		.byte	0x5
 1040 082f 07       		.uleb128 0x7
 1041 0830 2F070000 		.4byte	.LASF125
 1042 0834 0E       		.byte	0xe
 1043 0835 38       		.byte	0x38
 1044 0836 AC000000 		.4byte	0xac
 1045 083a 06       		.byte	0x6
 1046 083b 07       		.uleb128 0x7
 1047 083c 13050000 		.4byte	.LASF126
 1048 0840 0E       		.byte	0xe
 1049 0841 39       		.byte	0x39
 1050 0842 A1000000 		.4byte	0xa1
 1051 0846 08       		.byte	0x8
 1052 0847 07       		.uleb128 0x7
 1053 0848 87040000 		.4byte	.LASF127
 1054 084c 0E       		.byte	0xe
 1055 084d 3A       		.byte	0x3a
 1056 084e A1000000 		.4byte	0xa1
 1057 0852 09       		.byte	0x9
 1058 0853 07       		.uleb128 0x7
 1059 0854 A3000000 		.4byte	.LASF128
 1060 0858 0E       		.byte	0xe
 1061 0859 3B       		.byte	0x3b
 1062 085a A1000000 		.4byte	0xa1
 1063 085e 0A       		.byte	0xa
 1064 085f 07       		.uleb128 0x7
 1065 0860 11060000 		.4byte	.LASF129
 1066 0864 0E       		.byte	0xe
 1067 0865 3C       		.byte	0x3c
 1068 0866 A1000000 		.4byte	0xa1
 1069 086a 0B       		.byte	0xb
 1070 086b 07       		.uleb128 0x7
 1071 086c D2060000 		.4byte	.LASF130
 1072 0870 0E       		.byte	0xe
 1073 0871 3D       		.byte	0x3d
 1074 0872 A1000000 		.4byte	0xa1
 1075 0876 0C       		.byte	0xc
 1076 0877 07       		.uleb128 0x7
 1077 0878 E3050000 		.4byte	.LASF131
 1078 087c 0E       		.byte	0xe
 1079 087d 3E       		.byte	0x3e
 1080 087e A1000000 		.4byte	0xa1
 1081 0882 0D       		.byte	0xd
 1082 0883 07       		.uleb128 0x7
 1083 0884 00000000 		.4byte	.LASF132
ARM GAS  /tmp/ccO9H2ER.s 			page 20


 1084 0888 0E       		.byte	0xe
 1085 0889 3F       		.byte	0x3f
 1086 088a A1000000 		.4byte	0xa1
 1087 088e 0E       		.byte	0xe
 1088 088f 07       		.uleb128 0x7
 1089 0890 93040000 		.4byte	.LASF133
 1090 0894 0E       		.byte	0xe
 1091 0895 40       		.byte	0x40
 1092 0896 A1000000 		.4byte	0xa1
 1093 089a 0F       		.byte	0xf
 1094 089b 07       		.uleb128 0x7
 1095 089c 1F010000 		.4byte	.LASF134
 1096 08a0 0E       		.byte	0xe
 1097 08a1 41       		.byte	0x41
 1098 08a2 A1000000 		.4byte	0xa1
 1099 08a6 10       		.byte	0x10
 1100 08a7 07       		.uleb128 0x7
 1101 08a8 F8000000 		.4byte	.LASF135
 1102 08ac 0E       		.byte	0xe
 1103 08ad 43       		.byte	0x43
 1104 08ae A1000000 		.4byte	0xa1
 1105 08b2 11       		.byte	0x11
 1106 08b3 07       		.uleb128 0x7
 1107 08b4 2F010000 		.4byte	.LASF136
 1108 08b8 0E       		.byte	0xe
 1109 08b9 44       		.byte	0x44
 1110 08ba A1000000 		.4byte	0xa1
 1111 08be 12       		.byte	0x12
 1112 08bf 07       		.uleb128 0x7
 1113 08c0 45040000 		.4byte	.LASF137
 1114 08c4 0E       		.byte	0xe
 1115 08c5 45       		.byte	0x45
 1116 08c6 A1000000 		.4byte	0xa1
 1117 08ca 13       		.byte	0x13
 1118 08cb 07       		.uleb128 0x7
 1119 08cc A3050000 		.4byte	.LASF138
 1120 08d0 0E       		.byte	0xe
 1121 08d1 46       		.byte	0x46
 1122 08d2 A1000000 		.4byte	0xa1
 1123 08d6 14       		.byte	0x14
 1124 08d7 07       		.uleb128 0x7
 1125 08d8 E8030000 		.4byte	.LASF139
 1126 08dc 0E       		.byte	0xe
 1127 08dd 48       		.byte	0x48
 1128 08de A1000000 		.4byte	0xa1
 1129 08e2 15       		.byte	0x15
 1130 08e3 00       		.byte	0
 1131 08e4 17       		.uleb128 0x17
 1132 08e5 D0070000 		.4byte	0x7d0
 1133 08e9 F4080000 		.4byte	0x8f4
 1134 08ed 18       		.uleb128 0x18
 1135 08ee B1040000 		.4byte	0x4b1
 1136 08f2 03       		.byte	0x3
 1137 08f3 00       		.byte	0
 1138 08f4 04       		.uleb128 0x4
 1139 08f5 88020000 		.4byte	.LASF140
 1140 08f9 0E       		.byte	0xe
ARM GAS  /tmp/ccO9H2ER.s 			page 21


 1141 08fa 49       		.byte	0x49
 1142 08fb 03080000 		.4byte	0x803
 1143 08ff 16       		.uleb128 0x16
 1144 0900 F4080000 		.4byte	0x8f4
 1145 0904 11       		.uleb128 0x11
 1146 0905 89030000 		.4byte	.LASF141
 1147 0909 0E       		.byte	0xe
 1148 090a 6E       		.byte	0x6e
 1149 090b FF080000 		.4byte	0x8ff
 1150 090f 04       		.uleb128 0x4
 1151 0910 CB020000 		.4byte	.LASF142
 1152 0914 0D       		.byte	0xd
 1153 0915 34       		.byte	0x34
 1154 0916 8E070000 		.4byte	0x78e
 1155 091a 0A       		.uleb128 0xa
 1156 091b 04       		.byte	0x4
 1157 091c 0F090000 		.4byte	0x90f
 1158 0920 03       		.uleb128 0x3
 1159 0921 01       		.byte	0x1
 1160 0922 02       		.byte	0x2
 1161 0923 46050000 		.4byte	.LASF143
 1162 0927 00       		.byte	0
 1163              		.section	.debug_abbrev,"",%progbits
 1164              	.Ldebug_abbrev0:
 1165 0000 01       		.uleb128 0x1
 1166 0001 11       		.uleb128 0x11
 1167 0002 01       		.byte	0x1
 1168 0003 25       		.uleb128 0x25
 1169 0004 0E       		.uleb128 0xe
 1170 0005 13       		.uleb128 0x13
 1171 0006 0B       		.uleb128 0xb
 1172 0007 03       		.uleb128 0x3
 1173 0008 0E       		.uleb128 0xe
 1174 0009 1B       		.uleb128 0x1b
 1175 000a 0E       		.uleb128 0xe
 1176 000b 10       		.uleb128 0x10
 1177 000c 17       		.uleb128 0x17
 1178 000d 00       		.byte	0
 1179 000e 00       		.byte	0
 1180 000f 02       		.uleb128 0x2
 1181 0010 24       		.uleb128 0x24
 1182 0011 00       		.byte	0
 1183 0012 0B       		.uleb128 0xb
 1184 0013 0B       		.uleb128 0xb
 1185 0014 3E       		.uleb128 0x3e
 1186 0015 0B       		.uleb128 0xb
 1187 0016 03       		.uleb128 0x3
 1188 0017 08       		.uleb128 0x8
 1189 0018 00       		.byte	0
 1190 0019 00       		.byte	0
 1191 001a 03       		.uleb128 0x3
 1192 001b 24       		.uleb128 0x24
 1193 001c 00       		.byte	0
 1194 001d 0B       		.uleb128 0xb
 1195 001e 0B       		.uleb128 0xb
 1196 001f 3E       		.uleb128 0x3e
 1197 0020 0B       		.uleb128 0xb
ARM GAS  /tmp/ccO9H2ER.s 			page 22


 1198 0021 03       		.uleb128 0x3
 1199 0022 0E       		.uleb128 0xe
 1200 0023 00       		.byte	0
 1201 0024 00       		.byte	0
 1202 0025 04       		.uleb128 0x4
 1203 0026 16       		.uleb128 0x16
 1204 0027 00       		.byte	0
 1205 0028 03       		.uleb128 0x3
 1206 0029 0E       		.uleb128 0xe
 1207 002a 3A       		.uleb128 0x3a
 1208 002b 0B       		.uleb128 0xb
 1209 002c 3B       		.uleb128 0x3b
 1210 002d 0B       		.uleb128 0xb
 1211 002e 49       		.uleb128 0x49
 1212 002f 13       		.uleb128 0x13
 1213 0030 00       		.byte	0
 1214 0031 00       		.byte	0
 1215 0032 05       		.uleb128 0x5
 1216 0033 35       		.uleb128 0x35
 1217 0034 00       		.byte	0
 1218 0035 49       		.uleb128 0x49
 1219 0036 13       		.uleb128 0x13
 1220 0037 00       		.byte	0
 1221 0038 00       		.byte	0
 1222 0039 06       		.uleb128 0x6
 1223 003a 13       		.uleb128 0x13
 1224 003b 01       		.byte	0x1
 1225 003c 03       		.uleb128 0x3
 1226 003d 0E       		.uleb128 0xe
 1227 003e 0B       		.uleb128 0xb
 1228 003f 0B       		.uleb128 0xb
 1229 0040 3A       		.uleb128 0x3a
 1230 0041 0B       		.uleb128 0xb
 1231 0042 3B       		.uleb128 0x3b
 1232 0043 0B       		.uleb128 0xb
 1233 0044 01       		.uleb128 0x1
 1234 0045 13       		.uleb128 0x13
 1235 0046 00       		.byte	0
 1236 0047 00       		.byte	0
 1237 0048 07       		.uleb128 0x7
 1238 0049 0D       		.uleb128 0xd
 1239 004a 00       		.byte	0
 1240 004b 03       		.uleb128 0x3
 1241 004c 0E       		.uleb128 0xe
 1242 004d 3A       		.uleb128 0x3a
 1243 004e 0B       		.uleb128 0xb
 1244 004f 3B       		.uleb128 0x3b
 1245 0050 0B       		.uleb128 0xb
 1246 0051 49       		.uleb128 0x49
 1247 0052 13       		.uleb128 0x13
 1248 0053 38       		.uleb128 0x38
 1249 0054 0B       		.uleb128 0xb
 1250 0055 00       		.byte	0
 1251 0056 00       		.byte	0
 1252 0057 08       		.uleb128 0x8
 1253 0058 0D       		.uleb128 0xd
 1254 0059 00       		.byte	0
ARM GAS  /tmp/ccO9H2ER.s 			page 23


 1255 005a 03       		.uleb128 0x3
 1256 005b 08       		.uleb128 0x8
 1257 005c 3A       		.uleb128 0x3a
 1258 005d 0B       		.uleb128 0xb
 1259 005e 3B       		.uleb128 0x3b
 1260 005f 05       		.uleb128 0x5
 1261 0060 49       		.uleb128 0x49
 1262 0061 13       		.uleb128 0x13
 1263 0062 38       		.uleb128 0x38
 1264 0063 0B       		.uleb128 0xb
 1265 0064 00       		.byte	0
 1266 0065 00       		.byte	0
 1267 0066 09       		.uleb128 0x9
 1268 0067 0D       		.uleb128 0xd
 1269 0068 00       		.byte	0
 1270 0069 03       		.uleb128 0x3
 1271 006a 0E       		.uleb128 0xe
 1272 006b 3A       		.uleb128 0x3a
 1273 006c 0B       		.uleb128 0xb
 1274 006d 3B       		.uleb128 0x3b
 1275 006e 05       		.uleb128 0x5
 1276 006f 49       		.uleb128 0x49
 1277 0070 13       		.uleb128 0x13
 1278 0071 38       		.uleb128 0x38
 1279 0072 0B       		.uleb128 0xb
 1280 0073 00       		.byte	0
 1281 0074 00       		.byte	0
 1282 0075 0A       		.uleb128 0xa
 1283 0076 0F       		.uleb128 0xf
 1284 0077 00       		.byte	0
 1285 0078 0B       		.uleb128 0xb
 1286 0079 0B       		.uleb128 0xb
 1287 007a 49       		.uleb128 0x49
 1288 007b 13       		.uleb128 0x13
 1289 007c 00       		.byte	0
 1290 007d 00       		.byte	0
 1291 007e 0B       		.uleb128 0xb
 1292 007f 13       		.uleb128 0x13
 1293 0080 01       		.byte	0x1
 1294 0081 03       		.uleb128 0x3
 1295 0082 0E       		.uleb128 0xe
 1296 0083 0B       		.uleb128 0xb
 1297 0084 0B       		.uleb128 0xb
 1298 0085 3A       		.uleb128 0x3a
 1299 0086 0B       		.uleb128 0xb
 1300 0087 3B       		.uleb128 0x3b
 1301 0088 05       		.uleb128 0x5
 1302 0089 01       		.uleb128 0x1
 1303 008a 13       		.uleb128 0x13
 1304 008b 00       		.byte	0
 1305 008c 00       		.byte	0
 1306 008d 0C       		.uleb128 0xc
 1307 008e 15       		.uleb128 0x15
 1308 008f 01       		.byte	0x1
 1309 0090 27       		.uleb128 0x27
 1310 0091 19       		.uleb128 0x19
 1311 0092 01       		.uleb128 0x1
ARM GAS  /tmp/ccO9H2ER.s 			page 24


 1312 0093 13       		.uleb128 0x13
 1313 0094 00       		.byte	0
 1314 0095 00       		.byte	0
 1315 0096 0D       		.uleb128 0xd
 1316 0097 05       		.uleb128 0x5
 1317 0098 00       		.byte	0
 1318 0099 49       		.uleb128 0x49
 1319 009a 13       		.uleb128 0x13
 1320 009b 00       		.byte	0
 1321 009c 00       		.byte	0
 1322 009d 0E       		.uleb128 0xe
 1323 009e 0F       		.uleb128 0xf
 1324 009f 00       		.byte	0
 1325 00a0 0B       		.uleb128 0xb
 1326 00a1 0B       		.uleb128 0xb
 1327 00a2 00       		.byte	0
 1328 00a3 00       		.byte	0
 1329 00a4 0F       		.uleb128 0xf
 1330 00a5 13       		.uleb128 0x13
 1331 00a6 01       		.byte	0x1
 1332 00a7 03       		.uleb128 0x3
 1333 00a8 0E       		.uleb128 0xe
 1334 00a9 0B       		.uleb128 0xb
 1335 00aa 05       		.uleb128 0x5
 1336 00ab 3A       		.uleb128 0x3a
 1337 00ac 0B       		.uleb128 0xb
 1338 00ad 3B       		.uleb128 0x3b
 1339 00ae 05       		.uleb128 0x5
 1340 00af 01       		.uleb128 0x1
 1341 00b0 13       		.uleb128 0x13
 1342 00b1 00       		.byte	0
 1343 00b2 00       		.byte	0
 1344 00b3 10       		.uleb128 0x10
 1345 00b4 34       		.uleb128 0x34
 1346 00b5 00       		.byte	0
 1347 00b6 03       		.uleb128 0x3
 1348 00b7 0E       		.uleb128 0xe
 1349 00b8 3A       		.uleb128 0x3a
 1350 00b9 0B       		.uleb128 0xb
 1351 00ba 3B       		.uleb128 0x3b
 1352 00bb 05       		.uleb128 0x5
 1353 00bc 49       		.uleb128 0x49
 1354 00bd 13       		.uleb128 0x13
 1355 00be 3F       		.uleb128 0x3f
 1356 00bf 19       		.uleb128 0x19
 1357 00c0 3C       		.uleb128 0x3c
 1358 00c1 19       		.uleb128 0x19
 1359 00c2 00       		.byte	0
 1360 00c3 00       		.byte	0
 1361 00c4 11       		.uleb128 0x11
 1362 00c5 34       		.uleb128 0x34
 1363 00c6 00       		.byte	0
 1364 00c7 03       		.uleb128 0x3
 1365 00c8 0E       		.uleb128 0xe
 1366 00c9 3A       		.uleb128 0x3a
 1367 00ca 0B       		.uleb128 0xb
 1368 00cb 3B       		.uleb128 0x3b
ARM GAS  /tmp/ccO9H2ER.s 			page 25


 1369 00cc 0B       		.uleb128 0xb
 1370 00cd 49       		.uleb128 0x49
 1371 00ce 13       		.uleb128 0x13
 1372 00cf 3F       		.uleb128 0x3f
 1373 00d0 19       		.uleb128 0x19
 1374 00d1 3C       		.uleb128 0x3c
 1375 00d2 19       		.uleb128 0x19
 1376 00d3 00       		.byte	0
 1377 00d4 00       		.byte	0
 1378 00d5 12       		.uleb128 0x12
 1379 00d6 0D       		.uleb128 0xd
 1380 00d7 00       		.byte	0
 1381 00d8 03       		.uleb128 0x3
 1382 00d9 08       		.uleb128 0x8
 1383 00da 3A       		.uleb128 0x3a
 1384 00db 0B       		.uleb128 0xb
 1385 00dc 3B       		.uleb128 0x3b
 1386 00dd 0B       		.uleb128 0xb
 1387 00de 49       		.uleb128 0x49
 1388 00df 13       		.uleb128 0x13
 1389 00e0 38       		.uleb128 0x38
 1390 00e1 0B       		.uleb128 0xb
 1391 00e2 00       		.byte	0
 1392 00e3 00       		.byte	0
 1393 00e4 13       		.uleb128 0x13
 1394 00e5 13       		.uleb128 0x13
 1395 00e6 01       		.byte	0x1
 1396 00e7 0B       		.uleb128 0xb
 1397 00e8 0B       		.uleb128 0xb
 1398 00e9 3A       		.uleb128 0x3a
 1399 00ea 0B       		.uleb128 0xb
 1400 00eb 3B       		.uleb128 0x3b
 1401 00ec 0B       		.uleb128 0xb
 1402 00ed 01       		.uleb128 0x1
 1403 00ee 13       		.uleb128 0x13
 1404 00ef 00       		.byte	0
 1405 00f0 00       		.byte	0
 1406 00f1 14       		.uleb128 0x14
 1407 00f2 17       		.uleb128 0x17
 1408 00f3 01       		.byte	0x1
 1409 00f4 0B       		.uleb128 0xb
 1410 00f5 0B       		.uleb128 0xb
 1411 00f6 3A       		.uleb128 0x3a
 1412 00f7 0B       		.uleb128 0xb
 1413 00f8 3B       		.uleb128 0x3b
 1414 00f9 0B       		.uleb128 0xb
 1415 00fa 01       		.uleb128 0x1
 1416 00fb 13       		.uleb128 0x13
 1417 00fc 00       		.byte	0
 1418 00fd 00       		.byte	0
 1419 00fe 15       		.uleb128 0x15
 1420 00ff 0D       		.uleb128 0xd
 1421 0100 00       		.byte	0
 1422 0101 03       		.uleb128 0x3
 1423 0102 0E       		.uleb128 0xe
 1424 0103 3A       		.uleb128 0x3a
 1425 0104 0B       		.uleb128 0xb
ARM GAS  /tmp/ccO9H2ER.s 			page 26


 1426 0105 3B       		.uleb128 0x3b
 1427 0106 05       		.uleb128 0x5
 1428 0107 49       		.uleb128 0x49
 1429 0108 13       		.uleb128 0x13
 1430 0109 00       		.byte	0
 1431 010a 00       		.byte	0
 1432 010b 16       		.uleb128 0x16
 1433 010c 26       		.uleb128 0x26
 1434 010d 00       		.byte	0
 1435 010e 49       		.uleb128 0x49
 1436 010f 13       		.uleb128 0x13
 1437 0110 00       		.byte	0
 1438 0111 00       		.byte	0
 1439 0112 17       		.uleb128 0x17
 1440 0113 01       		.uleb128 0x1
 1441 0114 01       		.byte	0x1
 1442 0115 49       		.uleb128 0x49
 1443 0116 13       		.uleb128 0x13
 1444 0117 01       		.uleb128 0x1
 1445 0118 13       		.uleb128 0x13
 1446 0119 00       		.byte	0
 1447 011a 00       		.byte	0
 1448 011b 18       		.uleb128 0x18
 1449 011c 21       		.uleb128 0x21
 1450 011d 00       		.byte	0
 1451 011e 49       		.uleb128 0x49
 1452 011f 13       		.uleb128 0x13
 1453 0120 2F       		.uleb128 0x2f
 1454 0121 0B       		.uleb128 0xb
 1455 0122 00       		.byte	0
 1456 0123 00       		.byte	0
 1457 0124 19       		.uleb128 0x19
 1458 0125 34       		.uleb128 0x34
 1459 0126 00       		.byte	0
 1460 0127 03       		.uleb128 0x3
 1461 0128 08       		.uleb128 0x8
 1462 0129 3A       		.uleb128 0x3a
 1463 012a 0B       		.uleb128 0xb
 1464 012b 3B       		.uleb128 0x3b
 1465 012c 05       		.uleb128 0x5
 1466 012d 49       		.uleb128 0x49
 1467 012e 13       		.uleb128 0x13
 1468 012f 3F       		.uleb128 0x3f
 1469 0130 19       		.uleb128 0x19
 1470 0131 3C       		.uleb128 0x3c
 1471 0132 19       		.uleb128 0x19
 1472 0133 00       		.byte	0
 1473 0134 00       		.byte	0
 1474 0135 00       		.byte	0
 1475              		.section	.debug_aranges,"",%progbits
 1476 0000 14000000 		.4byte	0x14
 1477 0004 0200     		.2byte	0x2
 1478 0006 00000000 		.4byte	.Ldebug_info0
 1479 000a 04       		.byte	0x4
 1480 000b 00       		.byte	0
 1481 000c 0000     		.2byte	0
 1482 000e 0000     		.2byte	0
ARM GAS  /tmp/ccO9H2ER.s 			page 27


 1483 0010 00000000 		.4byte	0
 1484 0014 00000000 		.4byte	0
 1485              		.section	.debug_line,"",%progbits
 1486              	.Ldebug_line0:
 1487 0000 CA010000 		.section	.debug_str,"MS",%progbits,1
 1487      0200C401 
 1487      00000201 
 1487      FB0E0D00 
 1487      01010101 
 1488              	.LASF132:
 1489 0000 63665F6F 		.ascii	"cf_off_older\000"
 1489      66665F6F 
 1489      6C646572 
 1489      00
 1490              	.LASF57:
 1491 000d 72656164 		.ascii	"ready_list_t\000"
 1491      795F6C69 
 1491      73745F74 
 1491      00
 1492              	.LASF110:
 1493 001a 77747472 		.ascii	"wttrp\000"
 1493      7000
 1494              	.LASF107:
 1495 0020 7264796D 		.ascii	"rdymsg\000"
 1495      736700
 1496              	.LASF19:
 1497 0027 75696E74 		.ascii	"uint64_t\000"
 1497      36345F74 
 1497      00
 1498              	.LASF86:
 1499 0030 6B65726E 		.ascii	"kernel_stats\000"
 1499      656C5F73 
 1499      74617473 
 1499      00
 1500              	.LASF6:
 1501 003d 5F5F7569 		.ascii	"__uint8_t\000"
 1501      6E74385F 
 1501      7400
 1502              	.LASF94:
 1503 0047 706F7274 		.ascii	"port_intctx\000"
 1503      5F696E74 
 1503      63747800 
 1504              	.LASF56:
 1505 0053 63685F74 		.ascii	"ch_threads_queue\000"
 1505      68726561 
 1505      64735F71 
 1505      75657565 
 1505      00
 1506              	.LASF76:
 1507 0064 73797374 		.ascii	"system_debug_t\000"
 1507      656D5F64 
 1507      65627567 
 1507      5F7400
 1508              	.LASF98:
 1509 0073 776F7273 		.ascii	"worst\000"
 1509      7400
 1510              	.LASF101:
ARM GAS  /tmp/ccO9H2ER.s 			page 28


 1511 0079 74696D65 		.ascii	"time_measurement_t\000"
 1511      5F6D6561 
 1511      73757265 
 1511      6D656E74 
 1511      5F7400
 1512              	.LASF14:
 1513 008c 6C6F6E67 		.ascii	"long long unsigned int\000"
 1513      206C6F6E 
 1513      6720756E 
 1513      7369676E 
 1513      65642069 
 1514              	.LASF128:
 1515 00a3 63685F74 		.ascii	"ch_threadsize\000"
 1515      68726561 
 1515      6473697A 
 1515      6500
 1516              	.LASF108:
 1517 00b1 65786974 		.ascii	"exitcode\000"
 1517      636F6465 
 1517      00
 1518              	.LASF85:
 1519 00ba 6D61696E 		.ascii	"mainthread\000"
 1519      74687265 
 1519      616400
 1520              	.LASF73:
 1521 00c5 76697274 		.ascii	"virtual_timers_list_t\000"
 1521      75616C5F 
 1521      74696D65 
 1521      72735F6C 
 1521      6973745F 
 1522              	.LASF89:
 1523 00db 49544D5F 		.ascii	"ITM_RxBuffer\000"
 1523      52784275 
 1523      66666572 
 1523      00
 1524              	.LASF21:
 1525 00e8 72747469 		.ascii	"rttime_t\000"
 1525      6D655F74 
 1525      00
 1526              	.LASF34:
 1527 00f1 705F7072 		.ascii	"p_prio\000"
 1527      696F00
 1528              	.LASF135:
 1529 00f8 63665F6F 		.ascii	"cf_off_state\000"
 1529      66665F73 
 1529      74617465 
 1529      00
 1530              	.LASF1:
 1531 0105 6C6F6E67 		.ascii	"long long int\000"
 1531      206C6F6E 
 1531      6720696E 
 1531      7400
 1532              	.LASF3:
 1533 0113 7369676E 		.ascii	"signed char\000"
 1533      65642063 
 1533      68617200 
 1534              	.LASF134:
ARM GAS  /tmp/ccO9H2ER.s 			page 29


 1535 011f 63665F6F 		.ascii	"cf_off_stklimit\000"
 1535      66665F73 
 1535      746B6C69 
 1535      6D697400 
 1536              	.LASF136:
 1537 012f 63665F6F 		.ascii	"cf_off_flags\000"
 1537      66665F66 
 1537      6C616773 
 1537      00
 1538              	.LASF49:
 1539 013c 705F6D70 		.ascii	"p_mpool\000"
 1539      6F6F6C00 
 1540              	.LASF118:
 1541 0144 6D5F7175 		.ascii	"m_queue\000"
 1541      65756500 
 1542              	.LASF84:
 1543 014c 76746C69 		.ascii	"vtlist\000"
 1543      737400
 1544              	.LASF82:
 1545 0153 63685F73 		.ascii	"ch_system\000"
 1545      79737465 
 1545      6D00
 1546              	.LASF10:
 1547 015d 6C6F6E67 		.ascii	"long int\000"
 1547      20696E74 
 1547      00
 1548              	.LASF23:
 1549 0166 74737461 		.ascii	"tstate_t\000"
 1549      74655F74 
 1549      00
 1550              	.LASF144:
 1551 016f 474E5520 		.ascii	"GNU C11 6.3.1 20170620 (release) [ARM/embedded-6-br"
 1551      43313120 
 1551      362E332E 
 1551      31203230 
 1551      31373036 
 1552 01a2 616E6368 		.ascii	"anch revision 249437] -mcpu=cortex-m4 -mfloat-abi=h"
 1552      20726576 
 1552      6973696F 
 1552      6E203234 
 1552      39343337 
 1553 01d5 61726420 		.ascii	"ard -mfpu=fpv4-sp-d16 -mno-thumb-interwork -mthumb "
 1553      2D6D6670 
 1553      753D6670 
 1553      76342D73 
 1553      702D6431 
 1554 0208 2D676764 		.ascii	"-ggdb -O0 -fomit-frame-pointer -falign-functions=16"
 1554      62202D4F 
 1554      30202D66 
 1554      6F6D6974 
 1554      2D667261 
 1555 023b 202D6666 		.ascii	" -ffunction-sections -fdata-sections -fno-common -f"
 1555      756E6374 
 1555      696F6E2D 
 1555      73656374 
 1555      696F6E73 
 1556 026e 73696E67 		.ascii	"single-precision-constant\000"
ARM GAS  /tmp/ccO9H2ER.s 			page 30


 1556      6C652D70 
 1556      72656369 
 1556      73696F6E 
 1556      2D636F6E 
 1557              	.LASF140:
 1558 0288 63686465 		.ascii	"chdebug_t\000"
 1558      6275675F 
 1558      7400
 1559              	.LASF36:
 1560 0292 705F6E65 		.ascii	"p_newer\000"
 1560      77657200 
 1561              	.LASF115:
 1562 029a 735F7175 		.ascii	"s_queue\000"
 1562      65756500 
 1563              	.LASF62:
 1564 02a2 725F6E65 		.ascii	"r_newer\000"
 1564      77657200 
 1565              	.LASF91:
 1566 02aa 72656761 		.ascii	"regarm_t\000"
 1566      726D5F74 
 1566      00
 1567              	.LASF69:
 1568 02b3 76745F70 		.ascii	"vt_prev\000"
 1568      72657600 
 1569              	.LASF77:
 1570 02bb 63685F73 		.ascii	"ch_system_debug\000"
 1570      79737465 
 1570      6D5F6465 
 1570      62756700 
 1571              	.LASF142:
 1572 02cb 6D757465 		.ascii	"mutex_t\000"
 1572      785F7400 
 1573              	.LASF80:
 1574 02d3 6C6F636B 		.ascii	"lock_cnt\000"
 1574      5F636E74 
 1574      00
 1575              	.LASF87:
 1576 02dc 69646C65 		.ascii	"idle_thread_wa\000"
 1576      5F746872 
 1576      6561645F 
 1576      776100
 1577              	.LASF28:
 1578 02eb 636E745F 		.ascii	"cnt_t\000"
 1578      7400
 1579              	.LASF39:
 1580 02f1 705F7374 		.ascii	"p_stklimit\000"
 1580      6B6C696D 
 1580      697400
 1581              	.LASF0:
 1582 02fc 756E7369 		.ascii	"unsigned int\000"
 1582      676E6564 
 1582      20696E74 
 1582      00
 1583              	.LASF68:
 1584 0309 76745F6E 		.ascii	"vt_next\000"
 1584      65787400 
 1585              	.LASF16:
ARM GAS  /tmp/ccO9H2ER.s 			page 31


 1586 0311 75696E74 		.ascii	"uint16_t\000"
 1586      31365F74 
 1586      00
 1587              	.LASF90:
 1588 031a 53797374 		.ascii	"SystemCoreClock\000"
 1588      656D436F 
 1588      7265436C 
 1588      6F636B00 
 1589              	.LASF146:
 1590 032a 2F686F6D 		.ascii	"/home/matt/Documents/fibre-link/header-detection/pc"
 1590      652F6D61 
 1590      74742F44 
 1590      6F63756D 
 1590      656E7473 
 1591 035d 622F7374 		.ascii	"b/stm32/firmware\000"
 1591      6D33322F 
 1591      6669726D 
 1591      77617265 
 1591      00
 1592              	.LASF111:
 1593 036e 77747365 		.ascii	"wtsemp\000"
 1593      6D7000
 1594              	.LASF70:
 1595 0375 76745F64 		.ascii	"vt_delta\000"
 1595      656C7461 
 1595      00
 1596              	.LASF44:
 1597 037e 705F6D73 		.ascii	"p_msgqueue\000"
 1597      67717565 
 1597      756500
 1598              	.LASF141:
 1599 0389 63685F64 		.ascii	"ch_debug\000"
 1599      65627567 
 1599      00
 1600              	.LASF102:
 1601 0392 6E5F6972 		.ascii	"n_irq\000"
 1601      7100
 1602              	.LASF116:
 1603 0398 735F636E 		.ascii	"s_cnt\000"
 1603      7400
 1604              	.LASF8:
 1605 039e 73686F72 		.ascii	"short unsigned int\000"
 1605      7420756E 
 1605      7369676E 
 1605      65642069 
 1605      6E7400
 1606              	.LASF106:
 1607 03b1 6B65726E 		.ascii	"kernel_stats_t\000"
 1607      656C5F73 
 1607      74617473 
 1607      5F7400
 1608              	.LASF53:
 1609 03c0 63685F74 		.ascii	"ch_thread\000"
 1609      68726561 
 1609      6400
 1610              	.LASF26:
 1611 03ca 6D73675F 		.ascii	"msg_t\000"
ARM GAS  /tmp/ccO9H2ER.s 			page 32


 1611      7400
 1612              	.LASF99:
 1613 03d0 6C617374 		.ascii	"last\000"
 1613      00
 1614              	.LASF29:
 1615 03d5 75636E74 		.ascii	"ucnt_t\000"
 1615      5F7400
 1616              	.LASF81:
 1617 03dc 63685F73 		.ascii	"ch_system_t\000"
 1617      79737465 
 1617      6D5F7400 
 1618              	.LASF139:
 1619 03e8 63665F6F 		.ascii	"cf_off_time\000"
 1619      66665F74 
 1619      696D6500 
 1620              	.LASF105:
 1621 03f4 6D5F6372 		.ascii	"m_crit_isr\000"
 1621      69745F69 
 1621      737200
 1622              	.LASF58:
 1623 03ff 63685F72 		.ascii	"ch_ready_list\000"
 1623      65616479 
 1623      5F6C6973 
 1623      7400
 1624              	.LASF27:
 1625 040d 6576656E 		.ascii	"eventmask_t\000"
 1625      746D6173 
 1625      6B5F7400 
 1626              	.LASF9:
 1627 0419 5F5F696E 		.ascii	"__int32_t\000"
 1627      7433325F 
 1627      7400
 1628              	.LASF92:
 1629 0423 73746B61 		.ascii	"stkalign_t\000"
 1629      6C69676E 
 1629      5F7400
 1630              	.LASF52:
 1631 042e 74687265 		.ascii	"threads_list_t\000"
 1631      6164735F 
 1631      6C697374 
 1631      5F7400
 1632              	.LASF123:
 1633 043d 63685F7A 		.ascii	"ch_zero\000"
 1633      65726F00 
 1634              	.LASF137:
 1635 0445 63665F6F 		.ascii	"cf_off_refs\000"
 1635      66665F72 
 1635      65667300 
 1636              	.LASF43:
 1637 0451 705F7761 		.ascii	"p_waiting\000"
 1637      6974696E 
 1637      6700
 1638              	.LASF88:
 1639 045b 73697A65 		.ascii	"sizetype\000"
 1639      74797065 
 1639      00
 1640              	.LASF74:
ARM GAS  /tmp/ccO9H2ER.s 			page 33


 1641 0464 63685F76 		.ascii	"ch_virtual_timers_list\000"
 1641      69727475 
 1641      616C5F74 
 1641      696D6572 
 1641      735F6C69 
 1642              	.LASF2:
 1643 047b 6C6F6E67 		.ascii	"long double\000"
 1643      20646F75 
 1643      626C6500 
 1644              	.LASF127:
 1645 0487 63685F74 		.ascii	"ch_timesize\000"
 1645      696D6573 
 1645      697A6500 
 1646              	.LASF133:
 1647 0493 63665F6F 		.ascii	"cf_off_name\000"
 1647      66665F6E 
 1647      616D6500 
 1648              	.LASF145:
 1649 049f 2E2E2F43 		.ascii	"../ChibiOS/os/rt/ports/ARMCMx/chcore.c\000"
 1649      68696269 
 1649      4F532F6F 
 1649      732F7274 
 1649      2F706F72 
 1650              	.LASF61:
 1651 04c6 725F6374 		.ascii	"r_ctx\000"
 1651      7800
 1652              	.LASF35:
 1653 04cc 705F6374 		.ascii	"p_ctx\000"
 1653      7800
 1654              	.LASF96:
 1655 04d2 746D5F63 		.ascii	"tm_calibration_t\000"
 1655      616C6962 
 1655      72617469 
 1655      6F6E5F74 
 1655      00
 1656              	.LASF64:
 1657 04e3 725F6375 		.ascii	"r_current\000"
 1657      7272656E 
 1657      7400
 1658              	.LASF63:
 1659 04ed 725F6F6C 		.ascii	"r_older\000"
 1659      64657200 
 1660              	.LASF13:
 1661 04f5 5F5F7569 		.ascii	"__uint64_t\000"
 1661      6E743634 
 1661      5F7400
 1662              	.LASF100:
 1663 0500 63756D75 		.ascii	"cumulative\000"
 1663      6C617469 
 1663      766500
 1664              	.LASF24:
 1665 050b 74726566 		.ascii	"trefs_t\000"
 1665      735F7400 
 1666              	.LASF126:
 1667 0513 63685F70 		.ascii	"ch_ptrsize\000"
 1667      74727369 
 1667      7A6500
ARM GAS  /tmp/ccO9H2ER.s 			page 34


 1668              	.LASF66:
 1669 051e 76697274 		.ascii	"virtual_timer_t\000"
 1669      75616C5F 
 1669      74696D65 
 1669      725F7400 
 1670              	.LASF33:
 1671 052e 705F7072 		.ascii	"p_prev\000"
 1671      657600
 1672              	.LASF25:
 1673 0535 74707269 		.ascii	"tprio_t\000"
 1673      6F5F7400 
 1674              	.LASF103:
 1675 053d 6E5F6374 		.ascii	"n_ctxswc\000"
 1675      78737763 
 1675      00
 1676              	.LASF143:
 1677 0546 5F426F6F 		.ascii	"_Bool\000"
 1677      6C00
 1678              	.LASF17:
 1679 054c 696E7433 		.ascii	"int32_t\000"
 1679      325F7400 
 1680              	.LASF4:
 1681 0554 756E7369 		.ascii	"unsigned char\000"
 1681      676E6564 
 1681      20636861 
 1681      7200
 1682              	.LASF47:
 1683 0562 705F6D74 		.ascii	"p_mtxlist\000"
 1683      786C6973 
 1683      7400
 1684              	.LASF5:
 1685 056c 73686F72 		.ascii	"short int\000"
 1685      7420696E 
 1685      7400
 1686              	.LASF40:
 1687 0576 705F7374 		.ascii	"p_state\000"
 1687      61746500 
 1688              	.LASF37:
 1689 057e 705F6F6C 		.ascii	"p_older\000"
 1689      64657200 
 1690              	.LASF60:
 1691 0586 725F7072 		.ascii	"r_prio\000"
 1691      696F00
 1692              	.LASF113:
 1693 058d 65776D61 		.ascii	"ewmask\000"
 1693      736B00
 1694              	.LASF32:
 1695 0594 705F6E65 		.ascii	"p_next\000"
 1695      787400
 1696              	.LASF22:
 1697 059b 746D6F64 		.ascii	"tmode_t\000"
 1697      655F7400 
 1698              	.LASF138:
 1699 05a3 63665F6F 		.ascii	"cf_off_preempt\000"
 1699      66665F70 
 1699      7265656D 
 1699      707400
ARM GAS  /tmp/ccO9H2ER.s 			page 35


 1700              	.LASF41:
 1701 05b2 705F666C 		.ascii	"p_flags\000"
 1701      61677300 
 1702              	.LASF50:
 1703 05ba 705F7374 		.ascii	"p_stats\000"
 1703      61747300 
 1704              	.LASF55:
 1705 05c2 74687265 		.ascii	"threads_queue_t\000"
 1705      6164735F 
 1705      71756575 
 1705      655F7400 
 1706              	.LASF67:
 1707 05d2 63685F76 		.ascii	"ch_virtual_timer\000"
 1707      69727475 
 1707      616C5F74 
 1707      696D6572 
 1707      00
 1708              	.LASF131:
 1709 05e3 63665F6F 		.ascii	"cf_off_newer\000"
 1709      66665F6E 
 1709      65776572 
 1709      00
 1710              	.LASF114:
 1711 05f0 63685F73 		.ascii	"ch_semaphore\000"
 1711      656D6170 
 1711      686F7265 
 1711      00
 1712              	.LASF46:
 1713 05fd 705F6570 		.ascii	"p_epending\000"
 1713      656E6469 
 1713      6E6700
 1714              	.LASF18:
 1715 0608 75696E74 		.ascii	"uint32_t\000"
 1715      33325F74 
 1715      00
 1716              	.LASF129:
 1717 0611 63665F6F 		.ascii	"cf_off_prio\000"
 1717      66665F70 
 1717      72696F00 
 1718              	.LASF59:
 1719 061d 725F7175 		.ascii	"r_queue\000"
 1719      65756500 
 1720              	.LASF54:
 1721 0625 63685F74 		.ascii	"ch_threads_list\000"
 1721      68726561 
 1721      64735F6C 
 1721      69737400 
 1722              	.LASF124:
 1723 0635 63685F73 		.ascii	"ch_size\000"
 1723      697A6500 
 1724              	.LASF12:
 1725 063d 6C6F6E67 		.ascii	"long unsigned int\000"
 1725      20756E73 
 1725      69676E65 
 1725      6420696E 
 1725      7400
 1726              	.LASF121:
ARM GAS  /tmp/ccO9H2ER.s 			page 36


 1727 064f 63686172 		.ascii	"char\000"
 1727      00
 1728              	.LASF112:
 1729 0654 77746D74 		.ascii	"wtmtxp\000"
 1729      787000
 1730              	.LASF7:
 1731 065b 5F5F7569 		.ascii	"__uint16_t\000"
 1731      6E743136 
 1731      5F7400
 1732              	.LASF31:
 1733 0666 74687265 		.ascii	"thread_t\000"
 1733      61645F74 
 1733      00
 1734              	.LASF97:
 1735 066f 62657374 		.ascii	"best\000"
 1735      00
 1736              	.LASF120:
 1737 0674 6D5F6E65 		.ascii	"m_next\000"
 1737      787400
 1738              	.LASF30:
 1739 067b 73797374 		.ascii	"systime_t\000"
 1739      696D655F 
 1739      7400
 1740              	.LASF48:
 1741 0685 705F7265 		.ascii	"p_realprio\000"
 1741      616C7072 
 1741      696F00
 1742              	.LASF65:
 1743 0690 76746675 		.ascii	"vtfunc_t\000"
 1743      6E635F74 
 1743      00
 1744              	.LASF11:
 1745 0699 5F5F7569 		.ascii	"__uint32_t\000"
 1745      6E743332 
 1745      5F7400
 1746              	.LASF78:
 1747 06a4 70616E69 		.ascii	"panic_msg\000"
 1747      635F6D73 
 1747      6700
 1748              	.LASF95:
 1749 06ae 6F666673 		.ascii	"offset\000"
 1749      657400
 1750              	.LASF93:
 1751 06b5 636F6E74 		.ascii	"context\000"
 1751      65787400 
 1752              	.LASF45:
 1753 06bd 705F6D73 		.ascii	"p_msg\000"
 1753      6700
 1754              	.LASF20:
 1755 06c3 7274636E 		.ascii	"rtcnt_t\000"
 1755      745F7400 
 1756              	.LASF72:
 1757 06cb 76745F70 		.ascii	"vt_par\000"
 1757      617200
 1758              	.LASF130:
 1759 06d2 63665F6F 		.ascii	"cf_off_ctx\000"
 1759      66665F63 
ARM GAS  /tmp/ccO9H2ER.s 			page 37


 1759      747800
 1760              	.LASF117:
 1761 06dd 63685F6D 		.ascii	"ch_mutex\000"
 1761      75746578 
 1761      00
 1762              	.LASF42:
 1763 06e6 705F7265 		.ascii	"p_refs\000"
 1763      667300
 1764              	.LASF79:
 1765 06ed 6973725F 		.ascii	"isr_cnt\000"
 1765      636E7400 
 1766              	.LASF83:
 1767 06f5 726C6973 		.ascii	"rlist\000"
 1767      7400
 1768              	.LASF15:
 1769 06fb 75696E74 		.ascii	"uint8_t\000"
 1769      385F7400 
 1770              	.LASF51:
 1771 0703 74687265 		.ascii	"thread_reference_t\000"
 1771      61645F72 
 1771      65666572 
 1771      656E6365 
 1771      5F7400
 1772              	.LASF109:
 1773 0716 77746F62 		.ascii	"wtobjp\000"
 1773      6A7000
 1774              	.LASF38:
 1775 071d 705F6E61 		.ascii	"p_name\000"
 1775      6D6500
 1776              	.LASF75:
 1777 0724 76745F73 		.ascii	"vt_systime\000"
 1777      79737469 
 1777      6D6500
 1778              	.LASF125:
 1779 072f 63685F76 		.ascii	"ch_version\000"
 1779      65727369 
 1779      6F6E00
 1780              	.LASF104:
 1781 073a 6D5F6372 		.ascii	"m_crit_thd\000"
 1781      69745F74 
 1781      686400
 1782              	.LASF119:
 1783 0745 6D5F6F77 		.ascii	"m_owner\000"
 1783      6E657200 
 1784              	.LASF122:
 1785 074d 63685F69 		.ascii	"ch_identifier\000"
 1785      64656E74 
 1785      69666965 
 1785      7200
 1786              	.LASF71:
 1787 075b 76745F66 		.ascii	"vt_func\000"
 1787      756E6300 
 1788              		.ident	"GCC: (GNU Tools for ARM Embedded Processors 6-2017-q2-update) 6.3.1 20170620 (release) [AR
ARM GAS  /tmp/ccO9H2ER.s 			page 38


DEFINED SYMBOLS
                            *ABS*:0000000000000000 chcore.c

NO UNDEFINED SYMBOLS
