ARM GAS  /tmp/ccadf8CB.s 			page 1


   1              		.cpu cortex-m4
   2              		.eabi_attribute 27, 1
   3              		.eabi_attribute 28, 1
   4              		.eabi_attribute 20, 1
   5              		.eabi_attribute 21, 1
   6              		.eabi_attribute 23, 3
   7              		.eabi_attribute 24, 1
   8              		.eabi_attribute 25, 1
   9              		.eabi_attribute 26, 1
  10              		.eabi_attribute 30, 6
  11              		.eabi_attribute 34, 1
  12              		.eabi_attribute 18, 4
  13              		.file	"vectors.c"
  14              		.text
  15              	.Ltext0:
  16              		.cfi_sections	.debug_frame
  17              		.section	.text._unhandled_exception,"ax",%progbits
  18              		.align	1
  19              		.p2align 4,,15
  20              		.weak	_unhandled_exception
  21              		.syntax unified
  22              		.thumb
  23              		.thumb_func
  24              		.fpu fpv4-sp-d16
  25              		.type	_unhandled_exception, %function
  26              	_unhandled_exception:
  27              	.LFB123:
  28              		.file 1 "../ChibiOS/os/common/ports/ARMCMx/compilers/GCC/vectors.c"
  29              		.loc 1 47 0
  30              		.cfi_startproc
  31              		@ args = 0, pretend = 0, frame = 0
  32              		@ frame_needed = 0, uses_anonymous_args = 0
  33              		@ link register save eliminated.
  34              	.L2:
  35              		.loc 1 50 0 discriminator 1
  36 0000 FEE7     		b	.L2
  37              		.cfi_endproc
  38              	.LFE123:
  39              		.size	_unhandled_exception, .-_unhandled_exception
  40              		.weak	Vector1BC
  41              		.thumb_set Vector1BC,_unhandled_exception
  42              		.weak	Vector1B8
  43              		.thumb_set Vector1B8,_unhandled_exception
  44              		.weak	Vector1B4
  45              		.thumb_set Vector1B4,_unhandled_exception
  46              		.weak	Vector1B0
  47              		.thumb_set Vector1B0,_unhandled_exception
  48              		.weak	Vector1AC
  49              		.thumb_set Vector1AC,_unhandled_exception
  50              		.weak	Vector1A8
  51              		.thumb_set Vector1A8,_unhandled_exception
  52              		.weak	Vector1A4
  53              		.thumb_set Vector1A4,_unhandled_exception
  54              		.weak	Vector1A0
  55              		.thumb_set Vector1A0,_unhandled_exception
  56              		.weak	Vector19C
  57              		.thumb_set Vector19C,_unhandled_exception
ARM GAS  /tmp/ccadf8CB.s 			page 2


  58              		.weak	Vector198
  59              		.thumb_set Vector198,_unhandled_exception
  60              		.weak	Vector194
  61              		.thumb_set Vector194,_unhandled_exception
  62              		.weak	Vector190
  63              		.thumb_set Vector190,_unhandled_exception
  64              		.weak	Vector18C
  65              		.thumb_set Vector18C,_unhandled_exception
  66              		.weak	Vector188
  67              		.thumb_set Vector188,_unhandled_exception
  68              		.weak	Vector184
  69              		.thumb_set Vector184,_unhandled_exception
  70              		.weak	Vector180
  71              		.thumb_set Vector180,_unhandled_exception
  72              		.weak	Vector17C
  73              		.thumb_set Vector17C,_unhandled_exception
  74              		.weak	Vector178
  75              		.thumb_set Vector178,_unhandled_exception
  76              		.weak	Vector174
  77              		.thumb_set Vector174,_unhandled_exception
  78              		.weak	Vector170
  79              		.thumb_set Vector170,_unhandled_exception
  80              		.weak	Vector16C
  81              		.thumb_set Vector16C,_unhandled_exception
  82              		.weak	Vector168
  83              		.thumb_set Vector168,_unhandled_exception
  84              		.weak	Vector164
  85              		.thumb_set Vector164,_unhandled_exception
  86              		.weak	Vector160
  87              		.thumb_set Vector160,_unhandled_exception
  88              		.weak	Vector15C
  89              		.thumb_set Vector15C,_unhandled_exception
  90              		.weak	Vector158
  91              		.thumb_set Vector158,_unhandled_exception
  92              		.weak	Vector154
  93              		.thumb_set Vector154,_unhandled_exception
  94              		.weak	Vector150
  95              		.thumb_set Vector150,_unhandled_exception
  96              		.weak	Vector14C
  97              		.thumb_set Vector14C,_unhandled_exception
  98              		.weak	Vector148
  99              		.thumb_set Vector148,_unhandled_exception
 100              		.weak	Vector144
 101              		.thumb_set Vector144,_unhandled_exception
 102              		.weak	Vector140
 103              		.thumb_set Vector140,_unhandled_exception
 104              		.weak	Vector13C
 105              		.thumb_set Vector13C,_unhandled_exception
 106              		.weak	Vector138
 107              		.thumb_set Vector138,_unhandled_exception
 108              		.weak	Vector134
 109              		.thumb_set Vector134,_unhandled_exception
 110              		.weak	Vector130
 111              		.thumb_set Vector130,_unhandled_exception
 112              		.weak	Vector12C
 113              		.thumb_set Vector12C,_unhandled_exception
 114              		.weak	Vector128
ARM GAS  /tmp/ccadf8CB.s 			page 3


 115              		.thumb_set Vector128,_unhandled_exception
 116              		.weak	Vector124
 117              		.thumb_set Vector124,_unhandled_exception
 118              		.weak	Vector120
 119              		.thumb_set Vector120,_unhandled_exception
 120              		.weak	Vector11C
 121              		.thumb_set Vector11C,_unhandled_exception
 122              		.weak	Vector118
 123              		.thumb_set Vector118,_unhandled_exception
 124              		.weak	Vector114
 125              		.thumb_set Vector114,_unhandled_exception
 126              		.weak	Vector110
 127              		.thumb_set Vector110,_unhandled_exception
 128              		.weak	Vector10C
 129              		.thumb_set Vector10C,_unhandled_exception
 130              		.weak	Vector108
 131              		.thumb_set Vector108,_unhandled_exception
 132              		.weak	Vector104
 133              		.thumb_set Vector104,_unhandled_exception
 134              		.weak	Vector100
 135              		.thumb_set Vector100,_unhandled_exception
 136              		.weak	VectorFC
 137              		.thumb_set VectorFC,_unhandled_exception
 138              		.weak	VectorF8
 139              		.thumb_set VectorF8,_unhandled_exception
 140              		.weak	VectorF4
 141              		.thumb_set VectorF4,_unhandled_exception
 142              		.weak	VectorF0
 143              		.thumb_set VectorF0,_unhandled_exception
 144              		.weak	VectorEC
 145              		.thumb_set VectorEC,_unhandled_exception
 146              		.weak	VectorE8
 147              		.thumb_set VectorE8,_unhandled_exception
 148              		.weak	VectorE4
 149              		.thumb_set VectorE4,_unhandled_exception
 150              		.weak	VectorE0
 151              		.thumb_set VectorE0,_unhandled_exception
 152              		.weak	VectorDC
 153              		.thumb_set VectorDC,_unhandled_exception
 154              		.weak	VectorD8
 155              		.thumb_set VectorD8,_unhandled_exception
 156              		.weak	VectorD4
 157              		.thumb_set VectorD4,_unhandled_exception
 158              		.weak	VectorD0
 159              		.thumb_set VectorD0,_unhandled_exception
 160              		.weak	VectorCC
 161              		.thumb_set VectorCC,_unhandled_exception
 162              		.weak	VectorC8
 163              		.thumb_set VectorC8,_unhandled_exception
 164              		.weak	VectorC4
 165              		.thumb_set VectorC4,_unhandled_exception
 166              		.weak	VectorC0
 167              		.thumb_set VectorC0,_unhandled_exception
 168              		.weak	VectorBC
 169              		.thumb_set VectorBC,_unhandled_exception
 170              		.weak	VectorB8
 171              		.thumb_set VectorB8,_unhandled_exception
ARM GAS  /tmp/ccadf8CB.s 			page 4


 172              		.weak	VectorB4
 173              		.thumb_set VectorB4,_unhandled_exception
 174              		.weak	VectorB0
 175              		.thumb_set VectorB0,_unhandled_exception
 176              		.weak	VectorAC
 177              		.thumb_set VectorAC,_unhandled_exception
 178              		.weak	VectorA8
 179              		.thumb_set VectorA8,_unhandled_exception
 180              		.weak	VectorA4
 181              		.thumb_set VectorA4,_unhandled_exception
 182              		.weak	VectorA0
 183              		.thumb_set VectorA0,_unhandled_exception
 184              		.weak	Vector9C
 185              		.thumb_set Vector9C,_unhandled_exception
 186              		.weak	Vector98
 187              		.thumb_set Vector98,_unhandled_exception
 188              		.weak	Vector94
 189              		.thumb_set Vector94,_unhandled_exception
 190              		.weak	Vector90
 191              		.thumb_set Vector90,_unhandled_exception
 192              		.weak	Vector8C
 193              		.thumb_set Vector8C,_unhandled_exception
 194              		.weak	Vector88
 195              		.thumb_set Vector88,_unhandled_exception
 196              		.weak	Vector84
 197              		.thumb_set Vector84,_unhandled_exception
 198              		.weak	Vector80
 199              		.thumb_set Vector80,_unhandled_exception
 200              		.weak	Vector7C
 201              		.thumb_set Vector7C,_unhandled_exception
 202              		.weak	Vector78
 203              		.thumb_set Vector78,_unhandled_exception
 204              		.weak	Vector74
 205              		.thumb_set Vector74,_unhandled_exception
 206              		.weak	Vector70
 207              		.thumb_set Vector70,_unhandled_exception
 208              		.weak	Vector6C
 209              		.thumb_set Vector6C,_unhandled_exception
 210              		.weak	Vector68
 211              		.thumb_set Vector68,_unhandled_exception
 212              		.weak	Vector64
 213              		.thumb_set Vector64,_unhandled_exception
 214              		.weak	Vector60
 215              		.thumb_set Vector60,_unhandled_exception
 216              		.weak	Vector5C
 217              		.thumb_set Vector5C,_unhandled_exception
 218              		.weak	Vector58
 219              		.thumb_set Vector58,_unhandled_exception
 220              		.weak	Vector54
 221              		.thumb_set Vector54,_unhandled_exception
 222              		.weak	Vector50
 223              		.thumb_set Vector50,_unhandled_exception
 224              		.weak	Vector4C
 225              		.thumb_set Vector4C,_unhandled_exception
 226              		.weak	Vector48
 227              		.thumb_set Vector48,_unhandled_exception
 228              		.weak	Vector44
ARM GAS  /tmp/ccadf8CB.s 			page 5


 229              		.thumb_set Vector44,_unhandled_exception
 230              		.weak	Vector40
 231              		.thumb_set Vector40,_unhandled_exception
 232              		.weak	SysTick_Handler
 233              		.thumb_set SysTick_Handler,_unhandled_exception
 234              		.weak	PendSV_Handler
 235              		.thumb_set PendSV_Handler,_unhandled_exception
 236              		.weak	Vector34
 237              		.thumb_set Vector34,_unhandled_exception
 238              		.weak	DebugMon_Handler
 239              		.thumb_set DebugMon_Handler,_unhandled_exception
 240              		.weak	SVC_Handler
 241              		.thumb_set SVC_Handler,_unhandled_exception
 242              		.weak	Vector28
 243              		.thumb_set Vector28,_unhandled_exception
 244              		.weak	Vector24
 245              		.thumb_set Vector24,_unhandled_exception
 246              		.weak	Vector20
 247              		.thumb_set Vector20,_unhandled_exception
 248              		.weak	Vector1C
 249              		.thumb_set Vector1C,_unhandled_exception
 250              		.weak	UsageFault_Handler
 251              		.thumb_set UsageFault_Handler,_unhandled_exception
 252              		.weak	BusFault_Handler
 253              		.thumb_set BusFault_Handler,_unhandled_exception
 254              		.weak	MemManage_Handler
 255              		.thumb_set MemManage_Handler,_unhandled_exception
 256              		.weak	HardFault_Handler
 257              		.thumb_set HardFault_Handler,_unhandled_exception
 258              		.weak	NMI_Handler
 259              		.thumb_set NMI_Handler,_unhandled_exception
 260              		.global	_vectors
 261 0002 00BF     		.section	.vectors,"aw",%progbits
 262              		.align	7
 263              		.type	_vectors, %object
 264              		.size	_vectors, 448
 265              	_vectors:
 266 0000 00000000 		.word	__main_stack_end__
 267 0004 00000000 		.word	Reset_Handler
 268 0008 00000000 		.word	NMI_Handler
 269 000c 00000000 		.word	HardFault_Handler
 270 0010 00000000 		.word	MemManage_Handler
 271 0014 00000000 		.word	BusFault_Handler
 272 0018 00000000 		.word	UsageFault_Handler
 273 001c 00000000 		.word	Vector1C
 274 0020 00000000 		.word	Vector20
 275 0024 00000000 		.word	Vector24
 276 0028 00000000 		.word	Vector28
 277 002c 00000000 		.word	SVC_Handler
 278 0030 00000000 		.word	DebugMon_Handler
 279 0034 00000000 		.word	Vector34
 280 0038 00000000 		.word	PendSV_Handler
 281 003c 00000000 		.word	SysTick_Handler
 282 0040 00000000 		.word	Vector40
 283 0044 00000000 		.word	Vector44
 284 0048 00000000 		.word	Vector48
 285 004c 00000000 		.word	Vector4C
ARM GAS  /tmp/ccadf8CB.s 			page 6


 286 0050 00000000 		.word	Vector50
 287 0054 00000000 		.word	Vector54
 288 0058 00000000 		.word	Vector58
 289 005c 00000000 		.word	Vector5C
 290 0060 00000000 		.word	Vector60
 291 0064 00000000 		.word	Vector64
 292 0068 00000000 		.word	Vector68
 293 006c 00000000 		.word	Vector6C
 294 0070 00000000 		.word	Vector70
 295 0074 00000000 		.word	Vector74
 296 0078 00000000 		.word	Vector78
 297 007c 00000000 		.word	Vector7C
 298 0080 00000000 		.word	Vector80
 299 0084 00000000 		.word	Vector84
 300 0088 00000000 		.word	Vector88
 301 008c 00000000 		.word	Vector8C
 302 0090 00000000 		.word	Vector90
 303 0094 00000000 		.word	Vector94
 304 0098 00000000 		.word	Vector98
 305 009c 00000000 		.word	Vector9C
 306 00a0 00000000 		.word	VectorA0
 307 00a4 00000000 		.word	VectorA4
 308 00a8 00000000 		.word	VectorA8
 309 00ac 00000000 		.word	VectorAC
 310 00b0 00000000 		.word	VectorB0
 311 00b4 00000000 		.word	VectorB4
 312 00b8 00000000 		.word	VectorB8
 313 00bc 00000000 		.word	VectorBC
 314 00c0 00000000 		.word	VectorC0
 315 00c4 00000000 		.word	VectorC4
 316 00c8 00000000 		.word	VectorC8
 317 00cc 00000000 		.word	VectorCC
 318 00d0 00000000 		.word	VectorD0
 319 00d4 00000000 		.word	VectorD4
 320 00d8 00000000 		.word	VectorD8
 321 00dc 00000000 		.word	VectorDC
 322 00e0 00000000 		.word	VectorE0
 323 00e4 00000000 		.word	VectorE4
 324 00e8 00000000 		.word	VectorE8
 325 00ec 00000000 		.word	VectorEC
 326 00f0 00000000 		.word	VectorF0
 327 00f4 00000000 		.word	VectorF4
 328 00f8 00000000 		.word	VectorF8
 329 00fc 00000000 		.word	VectorFC
 330 0100 00000000 		.word	Vector100
 331 0104 00000000 		.word	Vector104
 332 0108 00000000 		.word	Vector108
 333 010c 00000000 		.word	Vector10C
 334 0110 00000000 		.word	Vector110
 335 0114 00000000 		.word	Vector114
 336 0118 00000000 		.word	Vector118
 337 011c 00000000 		.word	Vector11C
 338 0120 00000000 		.word	Vector120
 339 0124 00000000 		.word	Vector124
 340 0128 00000000 		.word	Vector128
 341 012c 00000000 		.word	Vector12C
 342 0130 00000000 		.word	Vector130
ARM GAS  /tmp/ccadf8CB.s 			page 7


 343 0134 00000000 		.word	Vector134
 344 0138 00000000 		.word	Vector138
 345 013c 00000000 		.word	Vector13C
 346 0140 00000000 		.word	Vector140
 347 0144 00000000 		.word	Vector144
 348 0148 00000000 		.word	Vector148
 349 014c 00000000 		.word	Vector14C
 350 0150 00000000 		.word	Vector150
 351 0154 00000000 		.word	Vector154
 352 0158 00000000 		.word	Vector158
 353 015c 00000000 		.word	Vector15C
 354 0160 00000000 		.word	Vector160
 355 0164 00000000 		.word	Vector164
 356 0168 00000000 		.word	Vector168
 357 016c 00000000 		.word	Vector16C
 358 0170 00000000 		.word	Vector170
 359 0174 00000000 		.word	Vector174
 360 0178 00000000 		.word	Vector178
 361 017c 00000000 		.word	Vector17C
 362 0180 00000000 		.word	Vector180
 363 0184 00000000 		.word	Vector184
 364 0188 00000000 		.word	Vector188
 365 018c 00000000 		.word	Vector18C
 366 0190 00000000 		.word	Vector190
 367 0194 00000000 		.word	Vector194
 368 0198 00000000 		.word	Vector198
 369 019c 00000000 		.word	Vector19C
 370 01a0 00000000 		.word	Vector1A0
 371 01a4 00000000 		.word	Vector1A4
 372 01a8 00000000 		.word	Vector1A8
 373 01ac 00000000 		.word	Vector1AC
 374 01b0 00000000 		.word	Vector1B0
 375 01b4 00000000 		.word	Vector1B4
 376 01b8 00000000 		.word	Vector1B8
 377 01bc 00000000 		.word	Vector1BC
 378              		.text
 379              	.Letext0:
 380              		.file 2 "/usr/arm-none-eabi/include/machine/_default_types.h"
 381              		.file 3 "/usr/arm-none-eabi/include/sys/_stdint.h"
 382              		.file 4 "../ChibiOS/os/ext/CMSIS/include/core_cm4.h"
 383              		.file 5 "../ChibiOS/os/ext/CMSIS/ST/STM32F4xx/system_stm32f4xx.h"
 384              		.file 6 "../ChibiOS/os/common/ports/ARMCMx/compilers/GCC/vectors.h"
 385              		.section	.debug_info,"",%progbits
 386              	.Ldebug_info0:
 387 0000 F5010000 		.4byte	0x1f5
 388 0004 0400     		.2byte	0x4
 389 0006 00000000 		.4byte	.Ldebug_abbrev0
 390 000a 04       		.byte	0x4
 391 000b 01       		.uleb128 0x1
 392 000c 04020000 		.4byte	.LASF37
 393 0010 0C       		.byte	0xc
 394 0011 CE000000 		.4byte	.LASF38
 395 0015 54010000 		.4byte	.LASF39
 396 0019 00000000 		.4byte	.Ldebug_ranges0+0
 397 001d 00000000 		.4byte	0
 398 0021 00000000 		.4byte	.Ldebug_line0
 399 0025 02       		.uleb128 0x2
ARM GAS  /tmp/ccadf8CB.s 			page 8


 400 0026 01       		.byte	0x1
 401 0027 06       		.byte	0x6
 402 0028 68030000 		.4byte	.LASF0
 403 002c 02       		.uleb128 0x2
 404 002d 01       		.byte	0x1
 405 002e 08       		.byte	0x8
 406 002f 89000000 		.4byte	.LASF1
 407 0033 02       		.uleb128 0x2
 408 0034 02       		.byte	0x2
 409 0035 05       		.byte	0x5
 410 0036 3A030000 		.4byte	.LASF2
 411 003a 02       		.uleb128 0x2
 412 003b 02       		.byte	0x2
 413 003c 07       		.byte	0x7
 414 003d 3F000000 		.4byte	.LASF3
 415 0041 03       		.uleb128 0x3
 416 0042 2C000000 		.4byte	.LASF5
 417 0046 02       		.byte	0x2
 418 0047 4D       		.byte	0x4d
 419 0048 4C000000 		.4byte	0x4c
 420 004c 02       		.uleb128 0x2
 421 004d 04       		.byte	0x4
 422 004e 05       		.byte	0x5
 423 004f 4D030000 		.4byte	.LASF4
 424 0053 03       		.uleb128 0x3
 425 0054 30010000 		.4byte	.LASF6
 426 0058 02       		.byte	0x2
 427 0059 4F       		.byte	0x4f
 428 005a 5E000000 		.4byte	0x5e
 429 005e 02       		.uleb128 0x2
 430 005f 04       		.byte	0x4
 431 0060 07       		.byte	0x7
 432 0061 B0000000 		.4byte	.LASF7
 433 0065 02       		.uleb128 0x2
 434 0066 08       		.byte	0x8
 435 0067 05       		.byte	0x5
 436 0068 00000000 		.4byte	.LASF8
 437 006c 02       		.uleb128 0x2
 438 006d 08       		.byte	0x8
 439 006e 07       		.byte	0x7
 440 006f 98010000 		.4byte	.LASF9
 441 0073 04       		.uleb128 0x4
 442 0074 04       		.byte	0x4
 443 0075 05       		.byte	0x5
 444 0076 696E7400 		.ascii	"int\000"
 445 007a 02       		.uleb128 0x2
 446 007b 04       		.byte	0x4
 447 007c 07       		.byte	0x7
 448 007d 47010000 		.4byte	.LASF10
 449 0081 03       		.uleb128 0x3
 450 0082 C1010000 		.4byte	.LASF11
 451 0086 03       		.byte	0x3
 452 0087 2C       		.byte	0x2c
 453 0088 41000000 		.4byte	0x41
 454 008c 05       		.uleb128 0x5
 455 008d 81000000 		.4byte	0x81
 456 0091 03       		.uleb128 0x3
ARM GAS  /tmp/ccadf8CB.s 			page 9


 457 0092 44030000 		.4byte	.LASF12
 458 0096 03       		.byte	0x3
 459 0097 30       		.byte	0x30
 460 0098 53000000 		.4byte	0x53
 461 009c 02       		.uleb128 0x2
 462 009d 04       		.byte	0x4
 463 009e 07       		.byte	0x7
 464 009f C9010000 		.4byte	.LASF13
 465 00a3 06       		.uleb128 0x6
 466 00a4 08010000 		.4byte	.LASF14
 467 00a8 04       		.byte	0x4
 468 00a9 FA06     		.2byte	0x6fa
 469 00ab 8C000000 		.4byte	0x8c
 470 00af 07       		.uleb128 0x7
 471 00b0 F4010000 		.4byte	.LASF15
 472 00b4 05       		.byte	0x5
 473 00b5 4C       		.byte	0x4c
 474 00b6 91000000 		.4byte	0x91
 475 00ba 03       		.uleb128 0x3
 476 00bb 1F000000 		.4byte	.LASF16
 477 00bf 06       		.byte	0x6
 478 00c0 3C       		.byte	0x3c
 479 00c1 C5000000 		.4byte	0xc5
 480 00c5 08       		.uleb128 0x8
 481 00c6 04       		.byte	0x4
 482 00c7 CB000000 		.4byte	0xcb
 483 00cb 09       		.uleb128 0x9
 484 00cc 0A       		.uleb128 0xa
 485 00cd C001     		.2byte	0x1c0
 486 00cf 06       		.byte	0x6
 487 00d0 41       		.byte	0x41
 488 00d1 A2010000 		.4byte	0x1a2
 489 00d5 0B       		.uleb128 0xb
 490 00d6 69000000 		.4byte	.LASF17
 491 00da 06       		.byte	0x6
 492 00db 42       		.byte	0x42
 493 00dc A2010000 		.4byte	0x1a2
 494 00e0 00       		.byte	0
 495 00e1 0B       		.uleb128 0xb
 496 00e2 5B000000 		.4byte	.LASF18
 497 00e6 06       		.byte	0x6
 498 00e7 43       		.byte	0x43
 499 00e8 BA000000 		.4byte	0xba
 500 00ec 04       		.byte	0x4
 501 00ed 0B       		.uleb128 0xb
 502 00ee 3B010000 		.4byte	.LASF19
 503 00f2 06       		.byte	0x6
 504 00f3 44       		.byte	0x44
 505 00f4 BA000000 		.4byte	0xba
 506 00f8 08       		.byte	0x8
 507 00f9 0B       		.uleb128 0xb
 508 00fa 1E010000 		.4byte	.LASF20
 509 00fe 06       		.byte	0x6
 510 00ff 45       		.byte	0x45
 511 0100 BA000000 		.4byte	0xba
 512 0104 0C       		.byte	0xc
 513 0105 0B       		.uleb128 0xb
ARM GAS  /tmp/ccadf8CB.s 			page 10


 514 0106 56030000 		.4byte	.LASF21
 515 010a 06       		.byte	0x6
 516 010b 46       		.byte	0x46
 517 010c BA000000 		.4byte	0xba
 518 0110 10       		.byte	0x10
 519 0111 0B       		.uleb128 0xb
 520 0112 0E000000 		.4byte	.LASF22
 521 0116 06       		.byte	0x6
 522 0117 47       		.byte	0x47
 523 0118 BA000000 		.4byte	0xba
 524 011c 14       		.byte	0x14
 525 011d 0B       		.uleb128 0xb
 526 011e D2010000 		.4byte	.LASF23
 527 0122 06       		.byte	0x6
 528 0123 48       		.byte	0x48
 529 0124 BA000000 		.4byte	0xba
 530 0128 18       		.byte	0x18
 531 0129 0B       		.uleb128 0xb
 532 012a 15010000 		.4byte	.LASF24
 533 012e 06       		.byte	0x6
 534 012f 49       		.byte	0x49
 535 0130 BA000000 		.4byte	0xba
 536 0134 1C       		.byte	0x1c
 537 0135 0B       		.uleb128 0xb
 538 0136 97000000 		.4byte	.LASF25
 539 013a 06       		.byte	0x6
 540 013b 4A       		.byte	0x4a
 541 013c BA000000 		.4byte	0xba
 542 0140 20       		.byte	0x20
 543 0141 0B       		.uleb128 0xb
 544 0142 AF010000 		.4byte	.LASF26
 545 0146 06       		.byte	0x6
 546 0147 4B       		.byte	0x4b
 547 0148 BA000000 		.4byte	0xba
 548 014c 24       		.byte	0x24
 549 014d 0B       		.uleb128 0xb
 550 014e B8010000 		.4byte	.LASF27
 551 0152 06       		.byte	0x6
 552 0153 4C       		.byte	0x4c
 553 0154 BA000000 		.4byte	0xba
 554 0158 28       		.byte	0x28
 555 0159 0B       		.uleb128 0xb
 556 015a C2000000 		.4byte	.LASF28
 557 015e 06       		.byte	0x6
 558 015f 4D       		.byte	0x4d
 559 0160 BA000000 		.4byte	0xba
 560 0164 2C       		.byte	0x2c
 561 0165 0B       		.uleb128 0xb
 562 0166 74000000 		.4byte	.LASF29
 563 016a 06       		.byte	0x6
 564 016b 4E       		.byte	0x4e
 565 016c BA000000 		.4byte	0xba
 566 0170 30       		.byte	0x30
 567 0171 0B       		.uleb128 0xb
 568 0172 36000000 		.4byte	.LASF30
 569 0176 06       		.byte	0x6
 570 0177 4F       		.byte	0x4f
ARM GAS  /tmp/ccadf8CB.s 			page 11


 571 0178 BA000000 		.4byte	0xba
 572 017c 34       		.byte	0x34
 573 017d 0B       		.uleb128 0xb
 574 017e E5010000 		.4byte	.LASF31
 575 0182 06       		.byte	0x6
 576 0183 50       		.byte	0x50
 577 0184 BA000000 		.4byte	0xba
 578 0188 38       		.byte	0x38
 579 0189 0B       		.uleb128 0xb
 580 018a A0000000 		.4byte	.LASF32
 581 018e 06       		.byte	0x6
 582 018f 51       		.byte	0x51
 583 0190 BA000000 		.4byte	0xba
 584 0194 3C       		.byte	0x3c
 585 0195 0B       		.uleb128 0xb
 586 0196 32030000 		.4byte	.LASF33
 587 019a 06       		.byte	0x6
 588 019b 52       		.byte	0x52
 589 019c A8010000 		.4byte	0x1a8
 590 01a0 40       		.byte	0x40
 591 01a1 00       		.byte	0
 592 01a2 08       		.uleb128 0x8
 593 01a3 04       		.byte	0x4
 594 01a4 91000000 		.4byte	0x91
 595 01a8 0C       		.uleb128 0xc
 596 01a9 BA000000 		.4byte	0xba
 597 01ad B8010000 		.4byte	0x1b8
 598 01b1 0D       		.uleb128 0xd
 599 01b2 9C000000 		.4byte	0x9c
 600 01b6 5F       		.byte	0x5f
 601 01b7 00       		.byte	0
 602 01b8 03       		.uleb128 0x3
 603 01b9 74030000 		.4byte	.LASF34
 604 01bd 06       		.byte	0x6
 605 01be 53       		.byte	0x53
 606 01bf CC000000 		.4byte	0xcc
 607 01c3 07       		.uleb128 0x7
 608 01c4 52000000 		.4byte	.LASF35
 609 01c8 06       		.byte	0x6
 610 01c9 5F       		.byte	0x5f
 611 01ca B8010000 		.4byte	0x1b8
 612 01ce 07       		.uleb128 0x7
 613 01cf 7E030000 		.4byte	.LASF36
 614 01d3 01       		.byte	0x1
 615 01d4 37       		.byte	0x37
 616 01d5 91000000 		.4byte	0x91
 617 01d9 0E       		.uleb128 0xe
 618 01da C3010000 		.4byte	0x1c3
 619 01de 01       		.byte	0x1
 620 01df BA01     		.2byte	0x1ba
 621 01e1 05       		.uleb128 0x5
 622 01e2 03       		.byte	0x3
 623 01e3 00000000 		.4byte	_vectors
 624 01e7 0F       		.uleb128 0xf
 625 01e8 1D030000 		.4byte	.LASF40
 626 01ec 01       		.byte	0x1
 627 01ed 2F       		.byte	0x2f
ARM GAS  /tmp/ccadf8CB.s 			page 12


 628 01ee 00000000 		.4byte	.LFB123
 629 01f2 02000000 		.4byte	.LFE123-.LFB123
 630 01f6 01       		.uleb128 0x1
 631 01f7 9C       		.byte	0x9c
 632 01f8 00       		.byte	0
 633              		.section	.debug_abbrev,"",%progbits
 634              	.Ldebug_abbrev0:
 635 0000 01       		.uleb128 0x1
 636 0001 11       		.uleb128 0x11
 637 0002 01       		.byte	0x1
 638 0003 25       		.uleb128 0x25
 639 0004 0E       		.uleb128 0xe
 640 0005 13       		.uleb128 0x13
 641 0006 0B       		.uleb128 0xb
 642 0007 03       		.uleb128 0x3
 643 0008 0E       		.uleb128 0xe
 644 0009 1B       		.uleb128 0x1b
 645 000a 0E       		.uleb128 0xe
 646 000b 55       		.uleb128 0x55
 647 000c 17       		.uleb128 0x17
 648 000d 11       		.uleb128 0x11
 649 000e 01       		.uleb128 0x1
 650 000f 10       		.uleb128 0x10
 651 0010 17       		.uleb128 0x17
 652 0011 00       		.byte	0
 653 0012 00       		.byte	0
 654 0013 02       		.uleb128 0x2
 655 0014 24       		.uleb128 0x24
 656 0015 00       		.byte	0
 657 0016 0B       		.uleb128 0xb
 658 0017 0B       		.uleb128 0xb
 659 0018 3E       		.uleb128 0x3e
 660 0019 0B       		.uleb128 0xb
 661 001a 03       		.uleb128 0x3
 662 001b 0E       		.uleb128 0xe
 663 001c 00       		.byte	0
 664 001d 00       		.byte	0
 665 001e 03       		.uleb128 0x3
 666 001f 16       		.uleb128 0x16
 667 0020 00       		.byte	0
 668 0021 03       		.uleb128 0x3
 669 0022 0E       		.uleb128 0xe
 670 0023 3A       		.uleb128 0x3a
 671 0024 0B       		.uleb128 0xb
 672 0025 3B       		.uleb128 0x3b
 673 0026 0B       		.uleb128 0xb
 674 0027 49       		.uleb128 0x49
 675 0028 13       		.uleb128 0x13
 676 0029 00       		.byte	0
 677 002a 00       		.byte	0
 678 002b 04       		.uleb128 0x4
 679 002c 24       		.uleb128 0x24
 680 002d 00       		.byte	0
 681 002e 0B       		.uleb128 0xb
 682 002f 0B       		.uleb128 0xb
 683 0030 3E       		.uleb128 0x3e
 684 0031 0B       		.uleb128 0xb
ARM GAS  /tmp/ccadf8CB.s 			page 13


 685 0032 03       		.uleb128 0x3
 686 0033 08       		.uleb128 0x8
 687 0034 00       		.byte	0
 688 0035 00       		.byte	0
 689 0036 05       		.uleb128 0x5
 690 0037 35       		.uleb128 0x35
 691 0038 00       		.byte	0
 692 0039 49       		.uleb128 0x49
 693 003a 13       		.uleb128 0x13
 694 003b 00       		.byte	0
 695 003c 00       		.byte	0
 696 003d 06       		.uleb128 0x6
 697 003e 34       		.uleb128 0x34
 698 003f 00       		.byte	0
 699 0040 03       		.uleb128 0x3
 700 0041 0E       		.uleb128 0xe
 701 0042 3A       		.uleb128 0x3a
 702 0043 0B       		.uleb128 0xb
 703 0044 3B       		.uleb128 0x3b
 704 0045 05       		.uleb128 0x5
 705 0046 49       		.uleb128 0x49
 706 0047 13       		.uleb128 0x13
 707 0048 3F       		.uleb128 0x3f
 708 0049 19       		.uleb128 0x19
 709 004a 3C       		.uleb128 0x3c
 710 004b 19       		.uleb128 0x19
 711 004c 00       		.byte	0
 712 004d 00       		.byte	0
 713 004e 07       		.uleb128 0x7
 714 004f 34       		.uleb128 0x34
 715 0050 00       		.byte	0
 716 0051 03       		.uleb128 0x3
 717 0052 0E       		.uleb128 0xe
 718 0053 3A       		.uleb128 0x3a
 719 0054 0B       		.uleb128 0xb
 720 0055 3B       		.uleb128 0x3b
 721 0056 0B       		.uleb128 0xb
 722 0057 49       		.uleb128 0x49
 723 0058 13       		.uleb128 0x13
 724 0059 3F       		.uleb128 0x3f
 725 005a 19       		.uleb128 0x19
 726 005b 3C       		.uleb128 0x3c
 727 005c 19       		.uleb128 0x19
 728 005d 00       		.byte	0
 729 005e 00       		.byte	0
 730 005f 08       		.uleb128 0x8
 731 0060 0F       		.uleb128 0xf
 732 0061 00       		.byte	0
 733 0062 0B       		.uleb128 0xb
 734 0063 0B       		.uleb128 0xb
 735 0064 49       		.uleb128 0x49
 736 0065 13       		.uleb128 0x13
 737 0066 00       		.byte	0
 738 0067 00       		.byte	0
 739 0068 09       		.uleb128 0x9
 740 0069 15       		.uleb128 0x15
 741 006a 00       		.byte	0
ARM GAS  /tmp/ccadf8CB.s 			page 14


 742 006b 27       		.uleb128 0x27
 743 006c 19       		.uleb128 0x19
 744 006d 00       		.byte	0
 745 006e 00       		.byte	0
 746 006f 0A       		.uleb128 0xa
 747 0070 13       		.uleb128 0x13
 748 0071 01       		.byte	0x1
 749 0072 0B       		.uleb128 0xb
 750 0073 05       		.uleb128 0x5
 751 0074 3A       		.uleb128 0x3a
 752 0075 0B       		.uleb128 0xb
 753 0076 3B       		.uleb128 0x3b
 754 0077 0B       		.uleb128 0xb
 755 0078 01       		.uleb128 0x1
 756 0079 13       		.uleb128 0x13
 757 007a 00       		.byte	0
 758 007b 00       		.byte	0
 759 007c 0B       		.uleb128 0xb
 760 007d 0D       		.uleb128 0xd
 761 007e 00       		.byte	0
 762 007f 03       		.uleb128 0x3
 763 0080 0E       		.uleb128 0xe
 764 0081 3A       		.uleb128 0x3a
 765 0082 0B       		.uleb128 0xb
 766 0083 3B       		.uleb128 0x3b
 767 0084 0B       		.uleb128 0xb
 768 0085 49       		.uleb128 0x49
 769 0086 13       		.uleb128 0x13
 770 0087 38       		.uleb128 0x38
 771 0088 0B       		.uleb128 0xb
 772 0089 00       		.byte	0
 773 008a 00       		.byte	0
 774 008b 0C       		.uleb128 0xc
 775 008c 01       		.uleb128 0x1
 776 008d 01       		.byte	0x1
 777 008e 49       		.uleb128 0x49
 778 008f 13       		.uleb128 0x13
 779 0090 01       		.uleb128 0x1
 780 0091 13       		.uleb128 0x13
 781 0092 00       		.byte	0
 782 0093 00       		.byte	0
 783 0094 0D       		.uleb128 0xd
 784 0095 21       		.uleb128 0x21
 785 0096 00       		.byte	0
 786 0097 49       		.uleb128 0x49
 787 0098 13       		.uleb128 0x13
 788 0099 2F       		.uleb128 0x2f
 789 009a 0B       		.uleb128 0xb
 790 009b 00       		.byte	0
 791 009c 00       		.byte	0
 792 009d 0E       		.uleb128 0xe
 793 009e 34       		.uleb128 0x34
 794 009f 00       		.byte	0
 795 00a0 47       		.uleb128 0x47
 796 00a1 13       		.uleb128 0x13
 797 00a2 3A       		.uleb128 0x3a
 798 00a3 0B       		.uleb128 0xb
ARM GAS  /tmp/ccadf8CB.s 			page 15


 799 00a4 3B       		.uleb128 0x3b
 800 00a5 05       		.uleb128 0x5
 801 00a6 02       		.uleb128 0x2
 802 00a7 18       		.uleb128 0x18
 803 00a8 00       		.byte	0
 804 00a9 00       		.byte	0
 805 00aa 0F       		.uleb128 0xf
 806 00ab 2E       		.uleb128 0x2e
 807 00ac 00       		.byte	0
 808 00ad 3F       		.uleb128 0x3f
 809 00ae 19       		.uleb128 0x19
 810 00af 03       		.uleb128 0x3
 811 00b0 0E       		.uleb128 0xe
 812 00b1 3A       		.uleb128 0x3a
 813 00b2 0B       		.uleb128 0xb
 814 00b3 3B       		.uleb128 0x3b
 815 00b4 0B       		.uleb128 0xb
 816 00b5 27       		.uleb128 0x27
 817 00b6 19       		.uleb128 0x19
 818 00b7 11       		.uleb128 0x11
 819 00b8 01       		.uleb128 0x1
 820 00b9 12       		.uleb128 0x12
 821 00ba 06       		.uleb128 0x6
 822 00bb 40       		.uleb128 0x40
 823 00bc 18       		.uleb128 0x18
 824 00bd 9742     		.uleb128 0x2117
 825 00bf 19       		.uleb128 0x19
 826 00c0 00       		.byte	0
 827 00c1 00       		.byte	0
 828 00c2 00       		.byte	0
 829              		.section	.debug_aranges,"",%progbits
 830 0000 1C000000 		.4byte	0x1c
 831 0004 0200     		.2byte	0x2
 832 0006 00000000 		.4byte	.Ldebug_info0
 833 000a 04       		.byte	0x4
 834 000b 00       		.byte	0
 835 000c 0000     		.2byte	0
 836 000e 0000     		.2byte	0
 837 0010 00000000 		.4byte	.LFB123
 838 0014 02000000 		.4byte	.LFE123-.LFB123
 839 0018 00000000 		.4byte	0
 840 001c 00000000 		.4byte	0
 841              		.section	.debug_ranges,"",%progbits
 842              	.Ldebug_ranges0:
 843 0000 00000000 		.4byte	.LFB123
 844 0004 02000000 		.4byte	.LFE123
 845 0008 00000000 		.4byte	0
 846 000c 00000000 		.4byte	0
 847              		.section	.debug_line,"",%progbits
 848              	.Ldebug_line0:
 849 0000 43010000 		.section	.debug_str,"MS",%progbits,1
 849      02002901 
 849      00000201 
 849      FB0E0D00 
 849      01010101 
 850              	.LASF8:
 851 0000 6C6F6E67 		.ascii	"long long int\000"
ARM GAS  /tmp/ccadf8CB.s 			page 16


 851      206C6F6E 
 851      6720696E 
 851      7400
 852              	.LASF22:
 853 000e 62757366 		.ascii	"busfault_handler\000"
 853      61756C74 
 853      5F68616E 
 853      646C6572 
 853      00
 854              	.LASF16:
 855 001f 6972715F 		.ascii	"irq_vector_t\000"
 855      76656374 
 855      6F725F74 
 855      00
 856              	.LASF5:
 857 002c 5F5F696E 		.ascii	"__int32_t\000"
 857      7433325F 
 857      7400
 858              	.LASF30:
 859 0036 76656374 		.ascii	"vector34\000"
 859      6F723334 
 859      00
 860              	.LASF3:
 861 003f 73686F72 		.ascii	"short unsigned int\000"
 861      7420756E 
 861      7369676E 
 861      65642069 
 861      6E7400
 862              	.LASF35:
 863 0052 5F766563 		.ascii	"_vectors\000"
 863      746F7273 
 863      00
 864              	.LASF18:
 865 005b 72657365 		.ascii	"reset_handler\000"
 865      745F6861 
 865      6E646C65 
 865      7200
 866              	.LASF17:
 867 0069 696E6974 		.ascii	"init_stack\000"
 867      5F737461 
 867      636B00
 868              	.LASF29:
 869 0074 64656275 		.ascii	"debugmonitor_handler\000"
 869      676D6F6E 
 869      69746F72 
 869      5F68616E 
 869      646C6572 
 870              	.LASF1:
 871 0089 756E7369 		.ascii	"unsigned char\000"
 871      676E6564 
 871      20636861 
 871      7200
 872              	.LASF25:
 873 0097 76656374 		.ascii	"vector20\000"
 873      6F723230 
 873      00
 874              	.LASF32:
ARM GAS  /tmp/ccadf8CB.s 			page 17


 875 00a0 73797374 		.ascii	"systick_handler\000"
 875      69636B5F 
 875      68616E64 
 875      6C657200 
 876              	.LASF7:
 877 00b0 6C6F6E67 		.ascii	"long unsigned int\000"
 877      20756E73 
 877      69676E65 
 877      6420696E 
 877      7400
 878              	.LASF28:
 879 00c2 7376635F 		.ascii	"svc_handler\000"
 879      68616E64 
 879      6C657200 
 880              	.LASF38:
 881 00ce 2E2E2F43 		.ascii	"../ChibiOS/os/common/ports/ARMCMx/compilers/GCC/vec"
 881      68696269 
 881      4F532F6F 
 881      732F636F 
 881      6D6D6F6E 
 882 0101 746F7273 		.ascii	"tors.c\000"
 882      2E6300
 883              	.LASF14:
 884 0108 49544D5F 		.ascii	"ITM_RxBuffer\000"
 884      52784275 
 884      66666572 
 884      00
 885              	.LASF24:
 886 0115 76656374 		.ascii	"vector1c\000"
 886      6F723163 
 886      00
 887              	.LASF20:
 888 011e 68617264 		.ascii	"hardfault_handler\000"
 888      6661756C 
 888      745F6861 
 888      6E646C65 
 888      7200
 889              	.LASF6:
 890 0130 5F5F7569 		.ascii	"__uint32_t\000"
 890      6E743332 
 890      5F7400
 891              	.LASF19:
 892 013b 6E6D695F 		.ascii	"nmi_handler\000"
 892      68616E64 
 892      6C657200 
 893              	.LASF10:
 894 0147 756E7369 		.ascii	"unsigned int\000"
 894      676E6564 
 894      20696E74 
 894      00
 895              	.LASF39:
 896 0154 2F686F6D 		.ascii	"/home/matt/Documents/fibre-link/header-detection/pc"
 896      652F6D61 
 896      74742F44 
 896      6F63756D 
 896      656E7473 
 897 0187 622F7374 		.ascii	"b/stm32/firmware\000"
ARM GAS  /tmp/ccadf8CB.s 			page 18


 897      6D33322F 
 897      6669726D 
 897      77617265 
 897      00
 898              	.LASF9:
 899 0198 6C6F6E67 		.ascii	"long long unsigned int\000"
 899      206C6F6E 
 899      6720756E 
 899      7369676E 
 899      65642069 
 900              	.LASF26:
 901 01af 76656374 		.ascii	"vector24\000"
 901      6F723234 
 901      00
 902              	.LASF27:
 903 01b8 76656374 		.ascii	"vector28\000"
 903      6F723238 
 903      00
 904              	.LASF11:
 905 01c1 696E7433 		.ascii	"int32_t\000"
 905      325F7400 
 906              	.LASF13:
 907 01c9 73697A65 		.ascii	"sizetype\000"
 907      74797065 
 907      00
 908              	.LASF23:
 909 01d2 75736167 		.ascii	"usagefault_handler\000"
 909      65666175 
 909      6C745F68 
 909      616E646C 
 909      657200
 910              	.LASF31:
 911 01e5 70656E64 		.ascii	"pendsv_handler\000"
 911      73765F68 
 911      616E646C 
 911      657200
 912              	.LASF15:
 913 01f4 53797374 		.ascii	"SystemCoreClock\000"
 913      656D436F 
 913      7265436C 
 913      6F636B00 
 914              	.LASF37:
 915 0204 474E5520 		.ascii	"GNU C11 6.3.1 20170620 (release) [ARM/embedded-6-br"
 915      43313120 
 915      362E332E 
 915      31203230 
 915      31373036 
 916 0237 616E6368 		.ascii	"anch revision 249437] -mcpu=cortex-m4 -mfloat-abi=h"
 916      20726576 
 916      6973696F 
 916      6E203234 
 916      39343337 
 917 026a 61726420 		.ascii	"ard -mfpu=fpv4-sp-d16 -mno-thumb-interwork -mthumb "
 917      2D6D6670 
 917      753D6670 
 917      76342D73 
 917      702D6431 
ARM GAS  /tmp/ccadf8CB.s 			page 19


 918 029d 2D676764 		.ascii	"-ggdb -O0 -fomit-frame-pointer -falign-functions=16"
 918      62202D4F 
 918      30202D66 
 918      6F6D6974 
 918      2D667261 
 919 02d0 202D6666 		.ascii	" -ffunction-sections -fdata-sections -fno-common -f"
 919      756E6374 
 919      696F6E2D 
 919      73656374 
 919      696F6E73 
 920 0303 73696E67 		.ascii	"single-precision-constant\000"
 920      6C652D70 
 920      72656369 
 920      73696F6E 
 920      2D636F6E 
 921              	.LASF40:
 922 031d 5F756E68 		.ascii	"_unhandled_exception\000"
 922      616E646C 
 922      65645F65 
 922      78636570 
 922      74696F6E 
 923              	.LASF33:
 924 0332 76656374 		.ascii	"vectors\000"
 924      6F727300 
 925              	.LASF2:
 926 033a 73686F72 		.ascii	"short int\000"
 926      7420696E 
 926      7400
 927              	.LASF12:
 928 0344 75696E74 		.ascii	"uint32_t\000"
 928      33325F74 
 928      00
 929              	.LASF4:
 930 034d 6C6F6E67 		.ascii	"long int\000"
 930      20696E74 
 930      00
 931              	.LASF21:
 932 0356 6D656D6D 		.ascii	"memmanage_handler\000"
 932      616E6167 
 932      655F6861 
 932      6E646C65 
 932      7200
 933              	.LASF0:
 934 0368 7369676E 		.ascii	"signed char\000"
 934      65642063 
 934      68617200 
 935              	.LASF34:
 936 0374 76656374 		.ascii	"vectors_t\000"
 936      6F72735F 
 936      7400
 937              	.LASF36:
 938 037e 5F5F6D61 		.ascii	"__main_stack_end__\000"
 938      696E5F73 
 938      7461636B 
 938      5F656E64 
 938      5F5F00
 939              		.ident	"GCC: (GNU Tools for ARM Embedded Processors 6-2017-q2-update) 6.3.1 20170620 (release) [AR
ARM GAS  /tmp/ccadf8CB.s 			page 20


ARM GAS  /tmp/ccadf8CB.s 			page 21


DEFINED SYMBOLS
                            *ABS*:0000000000000000 vectors.c
     /tmp/ccadf8CB.s:18     .text._unhandled_exception:0000000000000000 $t
     /tmp/ccadf8CB.s:26     .text._unhandled_exception:0000000000000000 _unhandled_exception
     /tmp/ccadf8CB.s:26     .text._unhandled_exception:0000000000000000 Vector1BC
     /tmp/ccadf8CB.s:26     .text._unhandled_exception:0000000000000000 Vector1B8
     /tmp/ccadf8CB.s:26     .text._unhandled_exception:0000000000000000 Vector1B4
     /tmp/ccadf8CB.s:26     .text._unhandled_exception:0000000000000000 Vector1B0
     /tmp/ccadf8CB.s:26     .text._unhandled_exception:0000000000000000 Vector1AC
     /tmp/ccadf8CB.s:26     .text._unhandled_exception:0000000000000000 Vector1A8
     /tmp/ccadf8CB.s:26     .text._unhandled_exception:0000000000000000 Vector1A4
     /tmp/ccadf8CB.s:26     .text._unhandled_exception:0000000000000000 Vector1A0
     /tmp/ccadf8CB.s:26     .text._unhandled_exception:0000000000000000 Vector19C
     /tmp/ccadf8CB.s:26     .text._unhandled_exception:0000000000000000 Vector198
     /tmp/ccadf8CB.s:26     .text._unhandled_exception:0000000000000000 Vector194
     /tmp/ccadf8CB.s:26     .text._unhandled_exception:0000000000000000 Vector190
     /tmp/ccadf8CB.s:26     .text._unhandled_exception:0000000000000000 Vector18C
     /tmp/ccadf8CB.s:26     .text._unhandled_exception:0000000000000000 Vector188
     /tmp/ccadf8CB.s:26     .text._unhandled_exception:0000000000000000 Vector184
     /tmp/ccadf8CB.s:26     .text._unhandled_exception:0000000000000000 Vector180
     /tmp/ccadf8CB.s:26     .text._unhandled_exception:0000000000000000 Vector17C
     /tmp/ccadf8CB.s:26     .text._unhandled_exception:0000000000000000 Vector178
     /tmp/ccadf8CB.s:26     .text._unhandled_exception:0000000000000000 Vector174
     /tmp/ccadf8CB.s:26     .text._unhandled_exception:0000000000000000 Vector170
     /tmp/ccadf8CB.s:26     .text._unhandled_exception:0000000000000000 Vector16C
     /tmp/ccadf8CB.s:26     .text._unhandled_exception:0000000000000000 Vector168
     /tmp/ccadf8CB.s:26     .text._unhandled_exception:0000000000000000 Vector164
     /tmp/ccadf8CB.s:26     .text._unhandled_exception:0000000000000000 Vector160
     /tmp/ccadf8CB.s:26     .text._unhandled_exception:0000000000000000 Vector15C
     /tmp/ccadf8CB.s:26     .text._unhandled_exception:0000000000000000 Vector158
     /tmp/ccadf8CB.s:26     .text._unhandled_exception:0000000000000000 Vector154
     /tmp/ccadf8CB.s:26     .text._unhandled_exception:0000000000000000 Vector150
     /tmp/ccadf8CB.s:26     .text._unhandled_exception:0000000000000000 Vector14C
     /tmp/ccadf8CB.s:26     .text._unhandled_exception:0000000000000000 Vector148
     /tmp/ccadf8CB.s:26     .text._unhandled_exception:0000000000000000 Vector144
     /tmp/ccadf8CB.s:26     .text._unhandled_exception:0000000000000000 Vector140
     /tmp/ccadf8CB.s:26     .text._unhandled_exception:0000000000000000 Vector13C
     /tmp/ccadf8CB.s:26     .text._unhandled_exception:0000000000000000 Vector138
     /tmp/ccadf8CB.s:26     .text._unhandled_exception:0000000000000000 Vector134
     /tmp/ccadf8CB.s:26     .text._unhandled_exception:0000000000000000 Vector130
     /tmp/ccadf8CB.s:26     .text._unhandled_exception:0000000000000000 Vector12C
     /tmp/ccadf8CB.s:26     .text._unhandled_exception:0000000000000000 Vector128
     /tmp/ccadf8CB.s:26     .text._unhandled_exception:0000000000000000 Vector124
     /tmp/ccadf8CB.s:26     .text._unhandled_exception:0000000000000000 Vector120
     /tmp/ccadf8CB.s:26     .text._unhandled_exception:0000000000000000 Vector11C
     /tmp/ccadf8CB.s:26     .text._unhandled_exception:0000000000000000 Vector118
     /tmp/ccadf8CB.s:26     .text._unhandled_exception:0000000000000000 Vector114
     /tmp/ccadf8CB.s:26     .text._unhandled_exception:0000000000000000 Vector110
     /tmp/ccadf8CB.s:26     .text._unhandled_exception:0000000000000000 Vector10C
     /tmp/ccadf8CB.s:26     .text._unhandled_exception:0000000000000000 Vector108
     /tmp/ccadf8CB.s:26     .text._unhandled_exception:0000000000000000 Vector104
     /tmp/ccadf8CB.s:26     .text._unhandled_exception:0000000000000000 Vector100
     /tmp/ccadf8CB.s:26     .text._unhandled_exception:0000000000000000 VectorFC
     /tmp/ccadf8CB.s:26     .text._unhandled_exception:0000000000000000 VectorF8
     /tmp/ccadf8CB.s:26     .text._unhandled_exception:0000000000000000 VectorF4
     /tmp/ccadf8CB.s:26     .text._unhandled_exception:0000000000000000 VectorF0
     /tmp/ccadf8CB.s:26     .text._unhandled_exception:0000000000000000 VectorEC
ARM GAS  /tmp/ccadf8CB.s 			page 22


     /tmp/ccadf8CB.s:26     .text._unhandled_exception:0000000000000000 VectorE8
     /tmp/ccadf8CB.s:26     .text._unhandled_exception:0000000000000000 VectorE4
     /tmp/ccadf8CB.s:26     .text._unhandled_exception:0000000000000000 VectorE0
     /tmp/ccadf8CB.s:26     .text._unhandled_exception:0000000000000000 VectorDC
     /tmp/ccadf8CB.s:26     .text._unhandled_exception:0000000000000000 VectorD8
     /tmp/ccadf8CB.s:26     .text._unhandled_exception:0000000000000000 VectorD4
     /tmp/ccadf8CB.s:26     .text._unhandled_exception:0000000000000000 VectorD0
     /tmp/ccadf8CB.s:26     .text._unhandled_exception:0000000000000000 VectorCC
     /tmp/ccadf8CB.s:26     .text._unhandled_exception:0000000000000000 VectorC8
     /tmp/ccadf8CB.s:26     .text._unhandled_exception:0000000000000000 VectorC4
     /tmp/ccadf8CB.s:26     .text._unhandled_exception:0000000000000000 VectorC0
     /tmp/ccadf8CB.s:26     .text._unhandled_exception:0000000000000000 VectorBC
     /tmp/ccadf8CB.s:26     .text._unhandled_exception:0000000000000000 VectorB8
     /tmp/ccadf8CB.s:26     .text._unhandled_exception:0000000000000000 VectorB4
     /tmp/ccadf8CB.s:26     .text._unhandled_exception:0000000000000000 VectorB0
     /tmp/ccadf8CB.s:26     .text._unhandled_exception:0000000000000000 VectorAC
     /tmp/ccadf8CB.s:26     .text._unhandled_exception:0000000000000000 VectorA8
     /tmp/ccadf8CB.s:26     .text._unhandled_exception:0000000000000000 VectorA4
     /tmp/ccadf8CB.s:26     .text._unhandled_exception:0000000000000000 VectorA0
     /tmp/ccadf8CB.s:26     .text._unhandled_exception:0000000000000000 Vector9C
     /tmp/ccadf8CB.s:26     .text._unhandled_exception:0000000000000000 Vector98
     /tmp/ccadf8CB.s:26     .text._unhandled_exception:0000000000000000 Vector94
     /tmp/ccadf8CB.s:26     .text._unhandled_exception:0000000000000000 Vector90
     /tmp/ccadf8CB.s:26     .text._unhandled_exception:0000000000000000 Vector8C
     /tmp/ccadf8CB.s:26     .text._unhandled_exception:0000000000000000 Vector88
     /tmp/ccadf8CB.s:26     .text._unhandled_exception:0000000000000000 Vector84
     /tmp/ccadf8CB.s:26     .text._unhandled_exception:0000000000000000 Vector80
     /tmp/ccadf8CB.s:26     .text._unhandled_exception:0000000000000000 Vector7C
     /tmp/ccadf8CB.s:26     .text._unhandled_exception:0000000000000000 Vector78
     /tmp/ccadf8CB.s:26     .text._unhandled_exception:0000000000000000 Vector74
     /tmp/ccadf8CB.s:26     .text._unhandled_exception:0000000000000000 Vector70
     /tmp/ccadf8CB.s:26     .text._unhandled_exception:0000000000000000 Vector6C
     /tmp/ccadf8CB.s:26     .text._unhandled_exception:0000000000000000 Vector68
     /tmp/ccadf8CB.s:26     .text._unhandled_exception:0000000000000000 Vector64
     /tmp/ccadf8CB.s:26     .text._unhandled_exception:0000000000000000 Vector60
     /tmp/ccadf8CB.s:26     .text._unhandled_exception:0000000000000000 Vector5C
     /tmp/ccadf8CB.s:26     .text._unhandled_exception:0000000000000000 Vector58
     /tmp/ccadf8CB.s:26     .text._unhandled_exception:0000000000000000 Vector54
     /tmp/ccadf8CB.s:26     .text._unhandled_exception:0000000000000000 Vector50
     /tmp/ccadf8CB.s:26     .text._unhandled_exception:0000000000000000 Vector4C
     /tmp/ccadf8CB.s:26     .text._unhandled_exception:0000000000000000 Vector48
     /tmp/ccadf8CB.s:26     .text._unhandled_exception:0000000000000000 Vector44
     /tmp/ccadf8CB.s:26     .text._unhandled_exception:0000000000000000 Vector40
     /tmp/ccadf8CB.s:26     .text._unhandled_exception:0000000000000000 SysTick_Handler
     /tmp/ccadf8CB.s:26     .text._unhandled_exception:0000000000000000 PendSV_Handler
     /tmp/ccadf8CB.s:26     .text._unhandled_exception:0000000000000000 Vector34
     /tmp/ccadf8CB.s:26     .text._unhandled_exception:0000000000000000 DebugMon_Handler
     /tmp/ccadf8CB.s:26     .text._unhandled_exception:0000000000000000 SVC_Handler
     /tmp/ccadf8CB.s:26     .text._unhandled_exception:0000000000000000 Vector28
     /tmp/ccadf8CB.s:26     .text._unhandled_exception:0000000000000000 Vector24
     /tmp/ccadf8CB.s:26     .text._unhandled_exception:0000000000000000 Vector20
     /tmp/ccadf8CB.s:26     .text._unhandled_exception:0000000000000000 Vector1C
     /tmp/ccadf8CB.s:26     .text._unhandled_exception:0000000000000000 UsageFault_Handler
     /tmp/ccadf8CB.s:26     .text._unhandled_exception:0000000000000000 BusFault_Handler
     /tmp/ccadf8CB.s:26     .text._unhandled_exception:0000000000000000 MemManage_Handler
     /tmp/ccadf8CB.s:26     .text._unhandled_exception:0000000000000000 HardFault_Handler
     /tmp/ccadf8CB.s:26     .text._unhandled_exception:0000000000000000 NMI_Handler
ARM GAS  /tmp/ccadf8CB.s 			page 23


     /tmp/ccadf8CB.s:265    .vectors:0000000000000000 _vectors
     /tmp/ccadf8CB.s:262    .vectors:0000000000000000 $d
                     .debug_frame:0000000000000010 $d

UNDEFINED SYMBOLS
__main_stack_end__
Reset_Handler
